

> coworker-api@0.2.0 lint
> npx @biomejs/biome lint . --fix

[1G[0K[1G[0K⠙[1G[0K⠹[1G[0K⠸[1G[0K⠼[1G[0K⠴[1G[0K[0mbiome.json[0m[0m:[0m[0m2[0m[0m:[0m[0m14[0m[0m [0m[0mdeserialize[0m[0m [0m[0m━━━━━━━━━━━━━━━━━━━━━━━━━━━━━━━━━━━━━━━━━━━━━━━━━━━━━━━━━━━━━━━━━━━━━━━━━━━━━━━━━━━━━━━━━━━━━━━━━━━━━━━━━━━━━━━━━━━━━━━━━━━━━━━━━━━[0m[0m

[0m[0m  [0m[0m[1m[34mℹ[0m[0m [0m[0m[33mThe configuration schema version does not match the CLI version 2.4.6[0m[0m
[0m[0m  [0m[0m
[0m[0m  [0m[0m  [0m[0m[1m1 │ [0m[0m{[0m[0m
[0m[0m  [0m[0m[1m[31m>[0m[0m [0m[0m[1m2 │ [0m[0m [0m[0m [0m[0m"[0m[0m$[0m[0ms[0m[0mc[0m[0mh[0m[0me[0m[0mm[0m[0ma[0m[0m"[0m[0m:[0m[0m [0m[0m"[0m[0mh[0m[0mt[0m[0mt[0m[0mp[0m[0ms[0m[0m:[0m[0m/[0m[0m/[0m[0mb[0m[0mi[0m[0mo[0m[0mm[0m[0me[0m[0mj[0m[0ms[0m[0m.[0m[0md[0m[0me[0m[0mv[0m[0m/[0m[0ms[0m[0mc[0m[0mh[0m[0me[0m[0mm[0m[0ma[0m[0ms[0m[0m/[0m[0m2[0m[0m.[0m[0m4[0m[0m.[0m[0m5[0m[0m/[0m[0ms[0m[0mc[0m[0mh[0m[0me[0m[0mm[0m[0ma[0m[0m.[0m[0mj[0m[0ms[0m[0mo[0m[0mn[0m[0m"[0m[0m,[0m[0m
[0m[0m  [0m[0m [0m[0m[1m   │ [0m[0m [0m[0m [0m[0m [0m[0m [0m[0m [0m[0m [0m[0m [0m[0m [0m[0m [0m[0m [0m[0m [0m[0m [0m[0m [0m[0m[1m[31m^[0m[0m[1m[31m^[0m[0m[1m[31m^[0m[0m[1m[31m^[0m[0m[1m[31m^[0m[0m[1m[31m^[0m[0m[1m[31m^[0m[0m[1m[31m^[0m[0m[1m[31m^[0m[0m[1m[31m^[0m[0m[1m[31m^[0m[0m[1m[31m^[0m[0m[1m[31m^[0m[0m[1m[31m^[0m[0m[1m[31m^[0m[0m[1m[31m^[0m[0m[1m[31m^[0m[0m[1m[31m^[0m[0m[1m[31m^[0m[0m[1m[31m^[0m[0m[1m[31m^[0m[0m[1m[31m^[0m[0m[1m[31m^[0m[0m[1m[31m^[0m[0m[1m[31m^[0m[0m[1m[31m^[0m[0m[1m[31m^[0m[0m[1m[31m^[0m[0m[1m[31m^[0m[0m[1m[31m^[0m[0m[1m[31m^[0m[0m[1m[31m^[0m[0m[1m[31m^[0m[0m[1m[31m^[0m[0m[1m[31m^[0m[0m[1m[31m^[0m[0m[1m[31m^[0m[0m[1m[31m^[0m[0m[1m[31m^[0m[0m[1m[31m^[0m[0m[1m[31m^[0m[0m[1m[31m^[0m[0m[1m[31m^[0m[0m[1m[31m^[0m[0m[1m[31m^[0m[0m[1m[31m^[0m[0m[1m[31m^[0m[0m
[0m[0m  [0m[0m  [0m[0m[1m3 │ [0m[0m [0m[0m [0m[0m"[0m[0mf[0m[0mi[0m[0ml[0m[0me[0m[0ms[0m[0m"[0m[0m:[0m[0m [0m[0m{[0m[0m
[0m[0m  [0m[0m  [0m[0m[1m4 │ [0m[0m [0m[0m [0m[0m [0m[0m [0m[0m"[0m[0mi[0m[0mn[0m[0mc[0m[0ml[0m[0mu[0m[0md[0m[0me[0m[0ms[0m[0m"[0m[0m:[0m[0m [0m[0m[[0m[0m
[0m[0m  [0m[0m
[0m[0m  [0m[0m[1m[34mℹ[0m[0m [0m[0m[34m  Expected:                     2.4.6
[0m[0m  [0m[0m  [0m[0m[34m  Found:                        2.4.5
[0m[0m  [0m[0m
[0m[0m  [0m[0m
[0m[0m  [0m[0m[1m[34mℹ[0m[0m [0m[0m[34mRun the command [0m[0m[1m[34mbiome migrate[0m[0m[34m to migrate the configuration file.[0m[0m
[0m[0m  [0m[0m
[0m
[0msrc/mastra/agents/coworker/instructions.ts[0m[0m:[0m[0m36[0m[0m:[0m[0m12[0m[0m [0m[0m]8;;https://biomejs.dev/linter/rules/use-template\lint/style/useTemplate]8;;\[0m[0m [0m[0m[30m[47m FIXABLE [0m[0m [0m[0m━━━━━━━━━━━━━━━━━━━━━━━━━━━━━━━━━━━━━━━━━━━━━━━━━━━━━━━━━━━━━━━━━━━━━━━━━━━━━[0m[0m

[0m[0m  [0m[0m[1m[34mℹ[0m[0m [0m[0m[1m[34mTemplate[0m[0m[34m literals are preferred over [0m[0m[1m[34mstring concatenation.[0m[0m
[0m[0m  [0m[0m
[0m[0m  [0m[0m  [0m[0m[1m34 │ [0m[0m [0m[0m [0m[0mc[0m[0mo[0m[0mn[0m[0ms[0m[0mt[0m[0m [0m[0mc[0m[0mu[0m[0ms[0m[0mt[0m[0mo[0m[0mm[0m[0mI[0m[0mn[0m[0ms[0m[0mt[0m[0mr[0m[0mu[0m[0mc[0m[0mt[0m[0mi[0m[0mo[0m[0mn[0m[0ms[0m[0m [0m[0m=[0m[0m [0m[0ma[0m[0mg[0m[0me[0m[0mn[0m[0mt[0m[0mC[0m[0mo[0m[0mn[0m[0mf[0m[0mi[0m[0mg[0m[0m.[0m[0mg[0m[0me[0m[0mt[0m[0mI[0m[0mn[0m[0ms[0m[0mt[0m[0mr[0m[0mu[0m[0mc[0m[0mt[0m[0mi[0m[0mo[0m[0mn[0m[0ms[0m[0m([0m[0m)[0m[0m;[0m[0m
[0m[0m  [0m[0m  [0m[0m[1m35 │ [0m[0m [0m[0m [0m[0mi[0m[0mf[0m[0m [0m[0m([0m[0mc[0m[0mu[0m[0ms[0m[0mt[0m[0mo[0m[0mm[0m[0mI[0m[0mn[0m[0ms[0m[0mt[0m[0mr[0m[0mu[0m[0mc[0m[0mt[0m[0mi[0m[0mo[0m[0mn[0m[0ms[0m[0m)[0m[0m [0m[0m{[0m[0m
[0m[0m  [0m[0m[1m[31m>[0m[0m [0m[0m[1m36 │ [0m[0m [0m[0m [0m[0m [0m[0m [0m[0mr[0m[0me[0m[0mt[0m[0mu[0m[0mr[0m[0mn[0m[0m [0m[0mp[0m[0mr[0m[0mo[0m[0mm[0m[0mp[0m[0mt[0m[0m [0m[0m+[0m[0m [0m[0m'[0m[0m\[0m[0mn[0m[0m\[0m[0mn[0m[0m#[0m[0m [0m[0mA[0m[0mg[0m[0me[0m[0mn[0m[0mt[0m[0m [0m[0mI[0m[0mn[0m[0ms[0m[0mt[0m[0mr[0m[0mu[0m[0mc[0m[0mt[0m[0mi[0m[0mo[0m[0mn[0m[0ms[0m[0m\[0m[0mn[0m[0m\[0m[0mn[0m[0m'[0m[0m [0m[0m+[0m[0m [0m[0mc[0m[0mu[0m[0ms[0m[0mt[0m[0mo[0m[0mm[0m[0mI[0m[0mn[0m[0ms[0m[0mt[0m[0mr[0m[0mu[0m[0mc[0m[0mt[0m[0mi[0m[0mo[0m[0mn[0m[0ms[0m[0m;[0m[0m
[0m[0m  [0m[0m [0m[0m [0m[0m[1m   │ [0m[0m [0m[0m [0m[0m [0m[0m [0m[0m [0m[0m [0m[0m [0m[0m [0m[0m [0m[0m [0m[0m [0m[0m[1m[31m^[0m[0m[1m[31m^[0m[0m[1m[31m^[0m[0m[1m[31m^[0m[0m[1m[31m^[0m[0m[1m[31m^[0m[0m[1m[31m^[0m[0m[1m[31m^[0m[0m[1m[31m^[0m[0m[1m[31m^[0m[0m[1m[31m^[0m[0m[1m[31m^[0m[0m[1m[31m^[0m[0m[1m[31m^[0m[0m[1m[31m^[0m[0m[1m[31m^[0m[0m[1m[31m^[0m[0m[1m[31m^[0m[0m[1m[31m^[0m[0m[1m[31m^[0m[0m[1m[31m^[0m[0m[1m[31m^[0m[0m[1m[31m^[0m[0m[1m[31m^[0m[0m[1m[31m^[0m[0m[1m[31m^[0m[0m[1m[31m^[0m[0m[1m[31m^[0m[0m[1m[31m^[0m[0m[1m[31m^[0m[0m[1m[31m^[0m[0m[1m[31m^[0m[0m[1m[31m^[0m[0m[1m[31m^[0m[0m[1m[31m^[0m[0m[1m[31m^[0m[0m[1m[31m^[0m[0m[1m[31m^[0m[0m[1m[31m^[0m[0m[1m[31m^[0m[0m[1m[31m^[0m[0m[1m[31m^[0m[0m[1m[31m^[0m[0m[1m[31m^[0m[0m[1m[31m^[0m[0m[1m[31m^[0m[0m[1m[31m^[0m[0m[1m[31m^[0m[0m[1m[31m^[0m[0m[1m[31m^[0m[0m[1m[31m^[0m[0m[1m[31m^[0m[0m[1m[31m^[0m[0m[1m[31m^[0m[0m[1m[31m^[0m[0m[1m[31m^[0m[0m[1m[31m^[0m[0m[1m[31m^[0m[0m[1m[31m^[0m[0m[1m[31m^[0m[0m
[0m[0m  [0m[0m  [0m[0m[1m37 │ [0m[0m [0m[0m [0m[0m}[0m[0m
[0m[0m  [0m[0m  [0m[0m[1m38 │ [0m[0m [0m[0m [0m[0mr[0m[0me[0m[0mt[0m[0mu[0m[0mr[0m[0mn[0m[0m [0m[0mp[0m[0mr[0m[0mo[0m[0mm[0m[0mp[0m[0mt[0m[0m;[0m[0m
[0m[0m  [0m[0m
[0m[0m  [0m[0m[1m[34mℹ[0m[0m [0m[0m[34mUnsafe fix: Use a [0m[0m[1m[34mtemplate literal[0m[0m[34m.[0m[0m
[0m[0m  [0m[0m
[0m[0m  [0m[0m  [0m[0m[1m34[0m[0m [0m[0m[1m34[0m[0m[1m │ [0m[0m [0m[0m [0m[0m [0m[0m [0m[0mc[0m[0mo[0m[0mn[0m[0ms[0m[0mt[0m[0m [0m[0mc[0m[0mu[0m[0ms[0m[0mt[0m[0mo[0m[0mm[0m[0mI[0m[0mn[0m[0ms[0m[0mt[0m[0mr[0m[0mu[0m[0mc[0m[0mt[0m[0mi[0m[0mo[0m[0mn[0m[0ms[0m[0m [0m[0m=[0m[0m [0m[0ma[0m[0mg[0m[0me[0m[0mn[0m[0mt[0m[0mC[0m[0mo[0m[0mn[0m[0mf[0m[0mi[0m[0mg[0m[0m.[0m[0mg[0m[0me[0m[0mt[0m[0mI[0m[0mn[0m[0ms[0m[0mt[0m[0mr[0m[0mu[0m[0mc[0m[0mt[0m[0mi[0m[0mo[0m[0mn[0m[0ms[0m[0m([0m[0m)[0m[0m;[0m[0m
[0m[0m  [0m[0m  [0m[0m[1m35[0m[0m [0m[0m[1m35[0m[0m[1m │ [0m[0m [0m[0m [0m[0m [0m[0m [0m[0mi[0m[0mf[0m[0m [0m[0m([0m[0mc[0m[0mu[0m[0ms[0m[0mt[0m[0mo[0m[0mm[0m[0mI[0m[0mn[0m[0ms[0m[0mt[0m[0mr[0m[0mu[0m[0mc[0m[0mt[0m[0mi[0m[0mo[0m[0mn[0m[0ms[0m[0m)[0m[0m [0m[0m{[0m[0m
[0m[0m  [0m[0m  [0m[0m[1m36[0m[0m [0m[0m [0m[0m [0m[0m[1m │ [0m[0m[31m-[0m[0m [0m[0m[2m[31m·[0m[0m[2m[31m·[0m[0m[2m[31m·[0m[0m[2m[31m·[0m[0m[31mr[0m[0m[31me[0m[0m[31mt[0m[0m[31mu[0m[0m[31mr[0m[0m[31mn[0m[0m[2m[31m·[0m[0m[31mp[0m[0m[31mr[0m[0m[31mo[0m[0m[31mm[0m[0m[31mp[0m[0m[31mt[0m[0m[1m[2m[31m·[0m[0m[1m[31m+[0m[0m[1m[2m[31m·[0m[0m[1m[31m'[0m[0m[31m\[0m[0m[31mn[0m[0m[31m\[0m[0m[31mn[0m[0m[31m#[0m[0m[2m[31m·[0m[0m[31mA[0m[0m[31mg[0m[0m[31me[0m[0m[31mn[0m[0m[31mt[0m[0m[2m[31m·[0m[0m[31mI[0m[0m[31mn[0m[0m[31ms[0m[0m[31mt[0m[0m[31mr[0m[0m[31mu[0m[0m[31mc[0m[0m[31mt[0m[0m[31mi[0m[0m[31mo[0m[0m[31mn[0m[0m[31ms[0m[0m[31m\[0m[0m[31mn[0m[0m[31m\[0m[0m[31mn[0m[0m[1m[31m'[0m[0m[1m[2m[31m·[0m[0m[1m[31m+[0m[0m[1m[2m[31m·[0m[0m[31mc[0m[0m[31mu[0m[0m[31ms[0m[0m[31mt[0m[0m[31mo[0m[0m[31mm[0m[0m[31mI[0m[0m[31mn[0m[0m[31ms[0m[0m[31mt[0m[0m[31mr[0m[0m[31mu[0m[0m[31mc[0m[0m[31mt[0m[0m[31mi[0m[0m[31mo[0m[0m[31mn[0m[0m[31ms[0m[0m[31m;[0m[0m
[0m[0m  [0m[0m  [0m[0m [0m[0m [0m[0m [0m[0m[1m36[0m[0m[1m │ [0m[0m[32m+[0m[0m [0m[0m[2m[32m·[0m[0m[2m[32m·[0m[0m[2m[32m·[0m[0m[2m[32m·[0m[0m[32mr[0m[0m[32me[0m[0m[32mt[0m[0m[32mu[0m[0m[32mr[0m[0m[32mn[0m[0m[2m[32m·[0m[0m[1m[32m`[0m[0m[1m[32m$[0m[0m[1m[32m{[0m[0m[32mp[0m[0m[32mr[0m[0m[32mo[0m[0m[32mm[0m[0m[32mp[0m[0m[32mt[0m[0m[1m[32m}[0m[0m[32m\[0m[0m[32mn[0m[0m[32m\[0m[0m[32mn[0m[0m[32m#[0m[0m[2m[32m·[0m[0m[32mA[0m[0m[32mg[0m[0m[32me[0m[0m[32mn[0m[0m[32mt[0m[0m[2m[32m·[0m[0m[32mI[0m[0m[32mn[0m[0m[32ms[0m[0m[32mt[0m[0m[32mr[0m[0m[32mu[0m[0m[32mc[0m[0m[32mt[0m[0m[32mi[0m[0m[32mo[0m[0m[32mn[0m[0m[32ms[0m[0m[32m\[0m[0m[32mn[0m[0m[32m\[0m[0m[32mn[0m[0m[1m[32m$[0m[0m[1m[32m{[0m[0m[32mc[0m[0m[32mu[0m[0m[32ms[0m[0m[32mt[0m[0m[32mo[0m[0m[32mm[0m[0m[32mI[0m[0m[32mn[0m[0m[32ms[0m[0m[32mt[0m[0m[32mr[0m[0m[32mu[0m[0m[32mc[0m[0m[32mt[0m[0m[32mi[0m[0m[32mo[0m[0m[32mn[0m[0m[32ms[0m[0m[1m[32m}[0m[0m[1m[32m`[0m[0m[32m;[0m[0m
[0m[0m  [0m[0m  [0m[0m[1m37[0m[0m [0m[0m[1m37[0m[0m[1m │ [0m[0m [0m[0m [0m[0m [0m[0m [0m[0m}[0m[0m
[0m[0m  [0m[0m  [0m[0m[1m38[0m[0m [0m[0m[1m38[0m[0m[1m │ [0m[0m [0m[0m [0m[0m [0m[0m [0m[0mr[0m[0me[0m[0mt[0m[0mu[0m[0mr[0m[0mn[0m[0m [0m[0mp[0m[0mr[0m[0mo[0m[0mm[0m[0mp[0m[0mt[0m[0m;[0m[0m
[0m[0m  [0m[0m
[0m
[0msrc/mastra/agents/coworker/prompts/build.ts[0m[0m:[0m[0m15[0m[0m:[0m[0m7[0m[0m [0m[0m]8;;https://biomejs.dev/linter/rules/use-template\lint/style/useTemplate]8;;\[0m[0m [0m[0m[30m[47m FIXABLE [0m[0m [0m[0m━━━━━━━━━━━━━━━━━━━━━━━━━━━━━━━━━━━━━━━━━━━━━━━━━━━━━━━━━━━━━━━━━━━━━━━━━━━━━[0m[0m

[0m[0m  [0m[0m[1m[34mℹ[0m[0m [0m[0m[1m[34mTemplate[0m[0m[34m literals are preferred over [0m[0m[1m[34mstring concatenation.[0m[0m
[0m[0m  [0m[0m
[0m[0m  [0m[0m  [0m[0m[1m13 │ [0m[0m [0m[0m [0m[0mi[0m[0mf[0m[0m [0m[0m([0m[0mc[0m[0mt[0m[0mx[0m[0m.[0m[0ma[0m[0mc[0m[0mt[0m[0mi[0m[0mv[0m[0me[0m[0mP[0m[0ml[0m[0ma[0m[0mn[0m[0m)[0m[0m [0m[0m{[0m[0m
[0m[0m  [0m[0m  [0m[0m[1m14 │ [0m[0m [0m[0m [0m[0m [0m[0m [0m[0mr[0m[0me[0m[0mt[0m[0mu[0m[0mr[0m[0mn[0m[0m [0m[0m([0m[0m
[0m[0m  [0m[0m[1m[31m>[0m[0m [0m[0m[1m15 │ [0m[0m [0m[0m [0m[0m [0m[0m [0m[0m [0m[0m [0m[0m`[0m[0m#[0m[0m [0m[0mA[0m[0mp[0m[0mp[0m[0mr[0m[0mo[0m[0mv[0m[0me[0m[0md[0m[0m [0m[0mP[0m[0ml[0m[0ma[0m[0mn[0m[0m
[0m[0m  [0m[0m [0m[0m [0m[0m[1m   │ [0m[0m [0m[0m [0m[0m [0m[0m [0m[0m [0m[0m [0m[0m[1m[31m^[0m[0m[1m[31m^[0m[0m[1m[31m^[0m[0m[1m[31m^[0m[0m[1m[31m^[0m[0m[1m[31m^[0m[0m[1m[31m^[0m[0m[1m[31m^[0m[0m[1m[31m^[0m[0m[1m[31m^[0m[0m[1m[31m^[0m[0m[1m[31m^[0m[0m[1m[31m^[0m[0m[1m[31m^[0m[0m[1m[31m^[0m[0m[1m[31m^[0m[0m
[0m[0m  [0m[0m[1m[31m>[0m[0m [0m[0m[1m16 │ [0m[0m
[0m[0m  [0m[0m [0m[0m [0m[0m[1m    ...
[0m[0m  [0m[0m[1m[31m>[0m[0m [0m[0m[1m24 │ [0m[0m
[0m[0m  [0m[0m[1m[31m>[0m[0m [0m[0m[1m25 │ [0m[0m`[0m[0m [0m[0m+[0m[0m [0m[0mb[0m[0mu[0m[0mi[0m[0ml[0m[0md[0m[0mM[0m[0mo[0m[0md[0m[0me[0m[0mP[0m[0mr[0m[0mo[0m[0mm[0m[0mp[0m[0mt[0m[0m
[0m[0m  [0m[0m [0m[0m [0m[0m[1m   │ [0m[0m[1m[31m^[0m[0m[1m[31m^[0m[0m[1m[31m^[0m[0m[1m[31m^[0m[0m[1m[31m^[0m[0m[1m[31m^[0m[0m[1m[31m^[0m[0m[1m[31m^[0m[0m[1m[31m^[0m[0m[1m[31m^[0m[0m[1m[31m^[0m[0m[1m[31m^[0m[0m[1m[31m^[0m[0m[1m[31m^[0m[0m[1m[31m^[0m[0m[1m[31m^[0m[0m[1m[31m^[0m[0m[1m[31m^[0m[0m[1m[31m^[0m[0m
[0m[0m  [0m[0m  [0m[0m[1m26 │ [0m[0m [0m[0m [0m[0m [0m[0m [0m[0m)[0m[0m;[0m[0m
[0m[0m  [0m[0m  [0m[0m[1m27 │ [0m[0m [0m[0m [0m[0m}[0m[0m
[0m[0m  [0m[0m
[0m[0m  [0m[0m[1m[34mℹ[0m[0m [0m[0m[34mUnsafe fix: Use a [0m[0m[1m[34mtemplate literal[0m[0m[34m.[0m[0m
[0m[0m  [0m[0m
[0m[0m  [0m[0m  [0m[0m[1m23[0m[0m [0m[0m[1m23[0m[0m[1m │ [0m[0m [0m[0m [0m[0mI[0m[0mm[0m[0mp[0m[0ml[0m[0me[0m[0mm[0m[0me[0m[0mn[0m[0mt[0m[0m [0m[0mt[0m[0mh[0m[0me[0m[0m [0m[0ma[0m[0mp[0m[0mp[0m[0mr[0m[0mo[0m[0mv[0m[0me[0m[0md[0m[0m [0m[0mp[0m[0ml[0m[0ma[0m[0mn[0m[0m [0m[0ma[0m[0mb[0m[0mo[0m[0mv[0m[0me[0m[0m.[0m[0m [0m[0mF[0m[0mo[0m[0ml[0m[0ml[0m[0mo[0m[0mw[0m[0m [0m[0mt[0m[0mh[0m[0me[0m[0m [0m[0ms[0m[0mt[0m[0me[0m[0mp[0m[0ms[0m[0m [0m[0mi[0m[0mn[0m[0m [0m[0mo[0m[0mr[0m[0md[0m[0me[0m[0mr[0m[0m [0m[0ma[0m[0mn[0m[0md[0m[0m [0m[0mv[0m[0me[0m[0mr[0m[0mi[0m[0mf[0m[0my[0m[0m [0m[0me[0m[0ma[0m[0mc[0m[0mh[0m[0m [0m[0ms[0m[0mt[0m[0me[0m[0mp[0m[0m [0m[0mw[0m[0mo[0m[0mr[0m[0mk[0m[0ms[0m[0m [0m[0mb[0m[0me[0m[0mf[0m[0mo[0m[0mr[0m[0me[0m[0m [0m[0mm[0m[0mo[0m[0mv[0m[0mi[0m[0mn[0m[0mg[0m[0m [0m[0mo[0m[0mn[0m[0m.[0m[0m
[0m[0m  [0m[0m  [0m[0m[1m24[0m[0m [0m[0m[1m24[0m[0m[1m │ [0m[0m [0m[0m [0m[0m
[0m[0m  [0m[0m  [0m[0m[1m25[0m[0m [0m[0m [0m[0m [0m[0m[1m │ [0m[0m[31m-[0m[0m [0m[0m[31m`[0m[0m[1m[2m[31m·[0m[0m[1m[31m+[0m[0m[1m[2m[31m·[0m[0m[1m[31mb[0m[0m[1m[31mu[0m[0m[1m[31mi[0m[0m[1m[31ml[0m[0m[1m[31md[0m[0m[1m[31mM[0m[0m[1m[31mo[0m[0m[1m[31md[0m[0m[1m[31me[0m[0m[1m[31mP[0m[0m[1m[31mr[0m[0m[1m[31mo[0m[0m[1m[31mm[0m[0m[1m[31mp[0m[0m[1m[31mt[0m[0m
[0m[0m  [0m[0m  [0m[0m [0m[0m [0m[0m [0m[0m[1m25[0m[0m[1m │ [0m[0m[32m+[0m[0m [0m[0m[1m[32m$[0m[0m[1m[32m{[0m[0m[1m[32mb[0m[0m[1m[32mu[0m[0m[1m[32mi[0m[0m[1m[32ml[0m[0m[1m[32md[0m[0m[1m[32mM[0m[0m[1m[32mo[0m[0m[1m[32md[0m[0m[1m[32me[0m[0m[1m[32mP[0m[0m[1m[32mr[0m[0m[1m[32mo[0m[0m[1m[32mm[0m[0m[1m[32mp[0m[0m[1m[32mt[0m[0m[1m[32m}[0m[0m[32m`[0m[0m
[0m[0m  [0m[0m  [0m[0m[1m26[0m[0m [0m[0m[1m26[0m[0m[1m │ [0m[0m [0m[0m [0m[0m [0m[0m [0m[0m [0m[0m [0m[0m)[0m[0m;[0m[0m
[0m[0m  [0m[0m  [0m[0m[1m27[0m[0m [0m[0m[1m27[0m[0m[1m │ [0m[0m [0m[0m [0m[0m [0m[0m [0m[0m}[0m[0m
[0m[0m  [0m[0m
[0m
[0msrc/mastra/agents/coworker/prompts/index.ts[0m[0m:[0m[0m63[0m[0m:[0m[0m10[0m[0m [0m[0m]8;;https://biomejs.dev/linter/rules/use-template\lint/style/useTemplate]8;;\[0m[0m [0m[0m[30m[47m FIXABLE [0m[0m [0m[0m━━━━━━━━━━━━━━━━━━━━━━━━━━━━━━━━━━━━━━━━━━━━━━━━━━━━━━━━━━━━━━━━━━━━━━━━━━━━[0m[0m

[0m[0m  [0m[0m[1m[34mℹ[0m[0m [0m[0m[1m[34mTemplate[0m[0m[34m literals are preferred over [0m[0m[1m[34mstring concatenation.[0m[0m
[0m[0m  [0m[0m
[0m[0m  [0m[0m  [0m[0m[1m61 │ [0m[0m [0m[0m [0m[0m}[0m[0m
[0m[0m  [0m[0m  [0m[0m[1m62 │ [0m[0m
[0m[0m  [0m[0m[1m[31m>[0m[0m [0m[0m[1m63 │ [0m[0m [0m[0m [0m[0mr[0m[0me[0m[0mt[0m[0mu[0m[0mr[0m[0mn[0m[0m [0m[0mb[0m[0ma[0m[0ms[0m[0me[0m[0m [0m[0m+[0m[0m [0m[0mt[0m[0ma[0m[0ms[0m[0mk[0m[0mS[0m[0me[0m[0mc[0m[0mt[0m[0mi[0m[0mo[0m[0mn[0m[0m [0m[0m+[0m[0m [0m[0m'[0m[0m\[0m[0mn[0m[0m'[0m[0m [0m[0m+[0m[0m [0m[0mm[0m[0mo[0m[0md[0m[0me[0m[0mS[0m[0mp[0m[0me[0m[0mc[0m[0mi[0m[0mf[0m[0mi[0m[0mc[0m[0m;[0m[0m
[0m[0m  [0m[0m [0m[0m [0m[0m[1m   │ [0m[0m [0m[0m [0m[0m [0m[0m [0m[0m [0m[0m [0m[0m [0m[0m [0m[0m [0m[0m[1m[31m^[0m[0m[1m[31m^[0m[0m[1m[31m^[0m[0m[1m[31m^[0m[0m[1m[31m^[0m[0m[1m[31m^[0m[0m[1m[31m^[0m[0m[1m[31m^[0m[0m[1m[31m^[0m[0m[1m[31m^[0m[0m[1m[31m^[0m[0m[1m[31m^[0m[0m[1m[31m^[0m[0m[1m[31m^[0m[0m[1m[31m^[0m[0m[1m[31m^[0m[0m[1m[31m^[0m[0m[1m[31m^[0m[0m[1m[31m^[0m[0m[1m[31m^[0m[0m[1m[31m^[0m[0m[1m[31m^[0m[0m[1m[31m^[0m[0m[1m[31m^[0m[0m[1m[31m^[0m[0m[1m[31m^[0m[0m[1m[31m^[0m[0m[1m[31m^[0m[0m[1m[31m^[0m[0m[1m[31m^[0m[0m[1m[31m^[0m[0m[1m[31m^[0m[0m[1m[31m^[0m[0m[1m[31m^[0m[0m[1m[31m^[0m[0m[1m[31m^[0m[0m[1m[31m^[0m[0m[1m[31m^[0m[0m[1m[31m^[0m[0m[1m[31m^[0m[0m
[0m[0m  [0m[0m  [0m[0m[1m64 │ [0m[0m}[0m[0m
[0m[0m  [0m[0m  [0m[0m[1m65 │ [0m[0m
[0m[0m  [0m[0m
[0m[0m  [0m[0m[1m[34mℹ[0m[0m [0m[0m[34mUnsafe fix: Use a [0m[0m[1m[34mtemplate literal[0m[0m[34m.[0m[0m
[0m[0m  [0m[0m
[0m[0m  [0m[0m  [0m[0m[1m61[0m[0m [0m[0m[1m61[0m[0m[1m │ [0m[0m [0m[0m [0m[0m [0m[0m [0m[0m}[0m[0m
[0m[0m  [0m[0m  [0m[0m[1m62[0m[0m [0m[0m[1m62[0m[0m[1m │ [0m[0m [0m[0m [0m[0m
[0m[0m  [0m[0m  [0m[0m[1m63[0m[0m [0m[0m [0m[0m [0m[0m[1m │ [0m[0m[31m-[0m[0m [0m[0m[2m[31m·[0m[0m[2m[31m·[0m[0m[31mr[0m[0m[31me[0m[0m[31mt[0m[0m[31mu[0m[0m[31mr[0m[0m[31mn[0m[0m[2m[31m·[0m[0m[31mb[0m[0m[31ma[0m[0m[31ms[0m[0m[31me[0m[0m[2m[31m·[0m[0m[31m+[0m[0m[2m[31m·[0m[0m[31mt[0m[0m[31ma[0m[0m[31ms[0m[0m[31mk[0m[0m[31mS[0m[0m[31me[0m[0m[31mc[0m[0m[31mt[0m[0m[31mi[0m[0m[31mo[0m[0m[31mn[0m[0m[1m[2m[31m·[0m[0m[1m[31m+[0m[0m[1m[2m[31m·[0m[0m[1m[31m'[0m[0m[31m\[0m[0m[31mn[0m[0m[1m[31m'[0m[0m[1m[2m[31m·[0m[0m[1m[31m+[0m[0m[1m[2m[31m·[0m[0m[31mm[0m[0m[31mo[0m[0m[31md[0m[0m[31me[0m[0m[31mS[0m[0m[31mp[0m[0m[31me[0m[0m[31mc[0m[0m[31mi[0m[0m[31mf[0m[0m[31mi[0m[0m[31mc[0m[0m[31m;[0m[0m
[0m[0m  [0m[0m  [0m[0m [0m[0m [0m[0m [0m[0m[1m63[0m[0m[1m │ [0m[0m[32m+[0m[0m [0m[0m[2m[32m·[0m[0m[2m[32m·[0m[0m[32mr[0m[0m[32me[0m[0m[32mt[0m[0m[32mu[0m[0m[32mr[0m[0m[32mn[0m[0m[2m[32m·[0m[0m[1m[32m`[0m[0m[1m[32m$[0m[0m[1m[32m{[0m[0m[32mb[0m[0m[32ma[0m[0m[32ms[0m[0m[32me[0m[0m[2m[32m·[0m[0m[32m+[0m[0m[2m[32m·[0m[0m[32mt[0m[0m[32ma[0m[0m[32ms[0m[0m[32mk[0m[0m[32mS[0m[0m[32me[0m[0m[32mc[0m[0m[32mt[0m[0m[32mi[0m[0m[32mo[0m[0m[32mn[0m[0m[1m[32m}[0m[0m[32m\[0m[0m[32mn[0m[0m[1m[32m$[0m[0m[1m[32m{[0m[0m[32mm[0m[0m[32mo[0m[0m[32md[0m[0m[32me[0m[0m[32mS[0m[0m[32mp[0m[0m[32me[0m[0m[32mc[0m[0m[32mi[0m[0m[32mf[0m[0m[32mi[0m[0m[32mc[0m[0m[1m[32m}[0m[0m[1m[32m`[0m[0m[32m;[0m[0m
[0m[0m  [0m[0m  [0m[0m[1m64[0m[0m [0m[0m[1m64[0m[0m[1m │ [0m[0m [0m[0m [0m[0m}[0m[0m
[0m[0m  [0m[0m  [0m[0m[1m65[0m[0m [0m[0m[1m65[0m[0m[1m │ [0m[0m [0m[0m [0m[0m
[0m[0m  [0m[0m
[0m
[0msrc/mastra/agents/coworker/workspace.ts[0m[0m:[0m[0m7[0m[0m:[0m[0m16[0m[0m [0m[0m]8;;https://biomejs.dev/linter/rules/use-nodejs-import-protocol\lint/style/useNodejsImportProtocol]8;;\[0m[0m [0m[0m[30m[47m FIXABLE [0m[0m [0m[0m━━━━━━━━━━━━━━━━━━━━━━━━━━━━━━━━━━━━━━━━━━━━━━━━━━━━━━━━━━━━━━━━━━━━━[0m[0m

[0m[0m  [0m[0m[1m[34mℹ[0m[0m [0m[0m[34mA Node.js builtin module should be imported with the [0m[0m[1m[34mnode:[0m[0m[34m protocol.[0m[0m
[0m[0m  [0m[0m
[0m[0m  [0m[0m  [0m[0m[1m5 │ [0m[0m	[0m[0mW[0m[0mo[0m[0mr[0m[0mk[0m[0ms[0m[0mp[0m[0ma[0m[0mc[0m[0me[0m[0m,[0m[0m
[0m[0m  [0m[0m  [0m[0m[1m6 │ [0m[0m}[0m[0m [0m[0mf[0m[0mr[0m[0mo[0m[0mm[0m[0m [0m[0m"[0m[0m@[0m[0mm[0m[0ma[0m[0ms[0m[0mt[0m[0mr[0m[0ma[0m[0m/[0m[0mc[0m[0mo[0m[0mr[0m[0me[0m[0m/[0m[0mw[0m[0mo[0m[0mr[0m[0mk[0m[0ms[0m[0mp[0m[0ma[0m[0mc[0m[0me[0m[0m"[0m[0m;[0m[0m
[0m[0m  [0m[0m[1m[31m>[0m[0m [0m[0m[1m7 │ [0m[0mi[0m[0mm[0m[0mp[0m[0mo[0m[0mr[0m[0mt[0m[0m [0m[0mf[0m[0ms[0m[0m [0m[0mf[0m[0mr[0m[0mo[0m[0mm[0m[0m [0m[0m"[0m[0mf[0m[0ms[0m[0m"[0m[0m;[0m[0m
[0m[0m  [0m[0m [0m[0m[1m   │ [0m[0m [0m[0m [0m[0m [0m[0m [0m[0m [0m[0m [0m[0m [0m[0m [0m[0m [0m[0m [0m[0m [0m[0m [0m[0m [0m[0m [0m[0m [0m[0m[1m[31m^[0m[0m[1m[31m^[0m[0m[1m[31m^[0m[0m[1m[31m^[0m[0m
[0m[0m  [0m[0m  [0m[0m[1m8 │ [0m[0mi[0m[0mm[0m[0mp[0m[0mo[0m[0mr[0m[0mt[0m[0m [0m[0mo[0m[0ms[0m[0m [0m[0mf[0m[0mr[0m[0mo[0m[0mm[0m[0m [0m[0m"[0m[0mo[0m[0ms[0m[0m"[0m[0m;[0m[0m
[0m[0m  [0m[0m  [0m[0m[1m9 │ [0m[0mi[0m[0mm[0m[0mp[0m[0mo[0m[0mr[0m[0mt[0m[0m [0m[0mp[0m[0ma[0m[0mt[0m[0mh[0m[0m [0m[0mf[0m[0mr[0m[0mo[0m[0mm[0m[0m [0m[0m"[0m[0mp[0m[0ma[0m[0mt[0m[0mh[0m[0m"[0m[0m;[0m[0m
[0m[0m  [0m[0m
[0m[0m  [0m[0m[1m[34mℹ[0m[0m [0m[0m[34mUsing the [0m[0m[1m[34mnode:[0m[0m[34m protocol is more explicit and signals that the imported module belongs to Node.js.[0m[0m
[0m[0m  [0m[0m
[0m[0m  [0m[0m[1m[34mℹ[0m[0m [0m[0m[34mUnsafe fix: Add the [0m[0m[1m[34mnode:[0m[0m[34m protocol.[0m[0m
[0m[0m  [0m[0m
[0m[0m  [0m[0m  [0m[0m[1m  5[0m[0m [0m[0m[1m  5[0m[0m[1m │ [0m[0m [0m[0m [0m[0m	[0m[0mW[0m[0mo[0m[0mr[0m[0mk[0m[0ms[0m[0mp[0m[0ma[0m[0mc[0m[0me[0m[0m,[0m[0m
[0m[0m  [0m[0m  [0m[0m[1m  6[0m[0m [0m[0m[1m  6[0m[0m[1m │ [0m[0m [0m[0m [0m[0m}[0m[0m [0m[0mf[0m[0mr[0m[0mo[0m[0mm[0m[0m [0m[0m"[0m[0m@[0m[0mm[0m[0ma[0m[0ms[0m[0mt[0m[0mr[0m[0ma[0m[0m/[0m[0mc[0m[0mo[0m[0mr[0m[0me[0m[0m/[0m[0mw[0m[0mo[0m[0mr[0m[0mk[0m[0ms[0m[0mp[0m[0ma[0m[0mc[0m[0me[0m[0m"[0m[0m;[0m[0m
[0m[0m  [0m[0m  [0m[0m[1m  7[0m[0m [0m[0m [0m[0m [0m[0m [0m[0m[1m │ [0m[0m[31m-[0m[0m [0m[0m[31mi[0m[0m[31mm[0m[0m[31mp[0m[0m[31mo[0m[0m[31mr[0m[0m[31mt[0m[0m[2m[31m·[0m[0m[31mf[0m[0m[31ms[0m[0m[2m[31m·[0m[0m[31mf[0m[0m[31mr[0m[0m[31mo[0m[0m[31mm[0m[0m[2m[31m·[0m[0m[31m"[0m[0m[1m[31mf[0m[0m[1m[31ms[0m[0m[31m"[0m[0m[31m;[0m[0m
[0m[0m  [0m[0m  [0m[0m [0m[0m [0m[0m [0m[0m [0m[0m[1m  7[0m[0m[1m │ [0m[0m[32m+[0m[0m [0m[0m[32mi[0m[0m[32mm[0m[0m[32mp[0m[0m[32mo[0m[0m[32mr[0m[0m[32mt[0m[0m[2m[32m·[0m[0m[32mf[0m[0m[32ms[0m[0m[2m[32m·[0m[0m[32mf[0m[0m[32mr[0m[0m[32mo[0m[0m[32mm[0m[0m[2m[32m·[0m[0m[32m"[0m[0m[1m[32mn[0m[0m[1m[32mo[0m[0m[1m[32md[0m[0m[1m[32me[0m[0m[1m[32m:[0m[0m[1m[32mf[0m[0m[1m[32ms[0m[0m[32m"[0m[0m[32m;[0m[0m
[0m[0m  [0m[0m  [0m[0m[1m  8[0m[0m [0m[0m[1m  8[0m[0m[1m │ [0m[0m [0m[0m [0m[0mi[0m[0mm[0m[0mp[0m[0mo[0m[0mr[0m[0mt[0m[0m [0m[0mo[0m[0ms[0m[0m [0m[0mf[0m[0mr[0m[0mo[0m[0mm[0m[0m [0m[0m"[0m[0mo[0m[0ms[0m[0m"[0m[0m;[0m[0m
[0m[0m  [0m[0m  [0m[0m[1m  9[0m[0m [0m[0m[1m  9[0m[0m[1m │ [0m[0m [0m[0m [0m[0mi[0m[0mm[0m[0mp[0m[0mo[0m[0mr[0m[0mt[0m[0m [0m[0mp[0m[0ma[0m[0mt[0m[0mh[0m[0m [0m[0mf[0m[0mr[0m[0mo[0m[0mm[0m[0m [0m[0m"[0m[0mp[0m[0ma[0m[0mt[0m[0mh[0m[0m"[0m[0m;[0m[0m
[0m[0m  [0m[0m
[0m
[0msrc/mastra/config/seed-skills.ts[0m[0m:[0m[0m1[0m[0m:[0m[0m16[0m[0m [0m[0m]8;;https://biomejs.dev/linter/rules/use-nodejs-import-protocol\lint/style/useNodejsImportProtocol]8;;\[0m[0m [0m[0m[30m[47m FIXABLE [0m[0m [0m[0m━━━━━━━━━━━━━━━━━━━━━━━━━━━━━━━━━━━━━━━━━━━━━━━━━━━━━━━━━━━━━━━━━━━━━━━━━━━━[0m[0m

[0m[0m  [0m[0m[1m[34mℹ[0m[0m [0m[0m[34mA Node.js builtin module should be imported with the [0m[0m[1m[34mnode:[0m[0m[34m protocol.[0m[0m
[0m[0m  [0m[0m
[0m[0m  [0m[0m[1m[31m>[0m[0m [0m[0m[1m1 │ [0m[0mi[0m[0mm[0m[0mp[0m[0mo[0m[0mr[0m[0mt[0m[0m [0m[0mf[0m[0ms[0m[0m [0m[0mf[0m[0mr[0m[0mo[0m[0mm[0m[0m [0m[0m'[0m[0mf[0m[0ms[0m[0m'[0m[0m;[0m[0m
[0m[0m  [0m[0m [0m[0m[1m   │ [0m[0m [0m[0m [0m[0m [0m[0m [0m[0m [0m[0m [0m[0m [0m[0m [0m[0m [0m[0m [0m[0m [0m[0m [0m[0m [0m[0m [0m[0m [0m[0m[1m[31m^[0m[0m[1m[31m^[0m[0m[1m[31m^[0m[0m[1m[31m^[0m[0m
[0m[0m  [0m[0m  [0m[0m[1m2 │ [0m[0mi[0m[0mm[0m[0mp[0m[0mo[0m[0mr[0m[0mt[0m[0m [0m[0mp[0m[0ma[0m[0mt[0m[0mh[0m[0m [0m[0mf[0m[0mr[0m[0mo[0m[0mm[0m[0m [0m[0m'[0m[0mp[0m[0ma[0m[0mt[0m[0mh[0m[0m'[0m[0m;[0m[0m
[0m[0m  [0m[0m  [0m[0m[1m3 │ [0m[0mi[0m[0mm[0m[0mp[0m[0mo[0m[0mr[0m[0mt[0m[0m [0m[0m{[0m[0m [0m[0mW[0m[0mO[0m[0mR[0m[0mK[0m[0mS[0m[0mP[0m[0mA[0m[0mC[0m[0mE[0m[0m_[0m[0mP[0m[0mA[0m[0mT[0m[0mH[0m[0m [0m[0m}[0m[0m [0m[0mf[0m[0mr[0m[0mo[0m[0mm[0m[0m [0m[0m'[0m[0m.[0m[0m/[0m[0mp[0m[0ma[0m[0mt[0m[0mh[0m[0ms[0m[0m'[0m[0m;[0m[0m
[0m[0m  [0m[0m
[0m[0m  [0m[0m[1m[34mℹ[0m[0m [0m[0m[34mUsing the [0m[0m[1m[34mnode:[0m[0m[34m protocol is more explicit and signals that the imported module belongs to Node.js.[0m[0m
[0m[0m  [0m[0m
[0m[0m  [0m[0m[1m[34mℹ[0m[0m [0m[0m[34mUnsafe fix: Add the [0m[0m[1m[34mnode:[0m[0m[34m protocol.[0m[0m
[0m[0m  [0m[0m
[0m[0m  [0m[0m  [0m[0m[1m 1[0m[0m [0m[0m [0m[0m [0m[0m[1m │ [0m[0m[31m-[0m[0m [0m[0m[31mi[0m[0m[31mm[0m[0m[31mp[0m[0m[31mo[0m[0m[31mr[0m[0m[31mt[0m[0m[2m[31m·[0m[0m[31mf[0m[0m[31ms[0m[0m[2m[31m·[0m[0m[31mf[0m[0m[31mr[0m[0m[31mo[0m[0m[31mm[0m[0m[2m[31m·[0m[0m[31m'[0m[0m[1m[31mf[0m[0m[1m[31ms[0m[0m[31m'[0m[0m[31m;[0m[0m
[0m[0m  [0m[0m  [0m[0m [0m[0m [0m[0m [0m[0m[1m 1[0m[0m[1m │ [0m[0m[32m+[0m[0m [0m[0m[32mi[0m[0m[32mm[0m[0m[32mp[0m[0m[32mo[0m[0m[32mr[0m[0m[32mt[0m[0m[2m[32m·[0m[0m[32mf[0m[0m[32ms[0m[0m[2m[32m·[0m[0m[32mf[0m[0m[32mr[0m[0m[32mo[0m[0m[32mm[0m[0m[2m[32m·[0m[0m[32m'[0m[0m[1m[32mn[0m[0m[1m[32mo[0m[0m[1m[32md[0m[0m[1m[32me[0m[0m[1m[32m:[0m[0m[1m[32mf[0m[0m[1m[32ms[0m[0m[32m'[0m[0m[32m;[0m[0m
[0m[0m  [0m[0m  [0m[0m[1m 2[0m[0m [0m[0m[1m 2[0m[0m[1m │ [0m[0m [0m[0m [0m[0mi[0m[0mm[0m[0mp[0m[0mo[0m[0mr[0m[0mt[0m[0m [0m[0mp[0m[0ma[0m[0mt[0m[0mh[0m[0m [0m[0mf[0m[0mr[0m[0mo[0m[0mm[0m[0m [0m[0m'[0m[0mp[0m[0ma[0m[0mt[0m[0mh[0m[0m'[0m[0m;[0m[0m
[0m[0m  [0m[0m  [0m[0m[1m 3[0m[0m [0m[0m[1m 3[0m[0m[1m │ [0m[0m [0m[0m [0m[0mi[0m[0mm[0m[0mp[0m[0mo[0m[0mr[0m[0mt[0m[0m [0m[0m{[0m[0m [0m[0mW[0m[0mO[0m[0mR[0m[0mK[0m[0mS[0m[0mP[0m[0mA[0m[0mC[0m[0mE[0m[0m_[0m[0mP[0m[0mA[0m[0mT[0m[0mH[0m[0m [0m[0m}[0m[0m [0m[0mf[0m[0mr[0m[0mo[0m[0mm[0m[0m [0m[0m'[0m[0m.[0m[0m/[0m[0mp[0m[0ma[0m[0mt[0m[0mh[0m[0ms[0m[0m'[0m[0m;[0m[0m
[0m[0m  [0m[0m
[0m
[0msrc/mastra/config/seed-skills.ts[0m[0m:[0m[0m2[0m[0m:[0m[0m18[0m[0m [0m[0m]8;;https://biomejs.dev/linter/rules/use-nodejs-import-protocol\lint/style/useNodejsImportProtocol]8;;\[0m[0m [0m[0m[30m[47m FIXABLE [0m[0m [0m[0m━━━━━━━━━━━━━━━━━━━━━━━━━━━━━━━━━━━━━━━━━━━━━━━━━━━━━━━━━━━━━━━━━━━━━━━━━━━━[0m[0m

[0m[0m  [0m[0m[1m[34mℹ[0m[0m [0m[0m[34mA Node.js builtin module should be imported with the [0m[0m[1m[34mnode:[0m[0m[34m protocol.[0m[0m
[0m[0m  [0m[0m
[0m[0m  [0m[0m  [0m[0m[1m1 │ [0m[0mi[0m[0mm[0m[0mp[0m[0mo[0m[0mr[0m[0mt[0m[0m [0m[0mf[0m[0ms[0m[0m [0m[0mf[0m[0mr[0m[0mo[0m[0mm[0m[0m [0m[0m'[0m[0mf[0m[0ms[0m[0m'[0m[0m;[0m[0m
[0m[0m  [0m[0m[1m[31m>[0m[0m [0m[0m[1m2 │ [0m[0mi[0m[0mm[0m[0mp[0m[0mo[0m[0mr[0m[0mt[0m[0m [0m[0mp[0m[0ma[0m[0mt[0m[0mh[0m[0m [0m[0mf[0m[0mr[0m[0mo[0m[0mm[0m[0m [0m[0m'[0m[0mp[0m[0ma[0m[0mt[0m[0mh[0m[0m'[0m[0m;[0m[0m
[0m[0m  [0m[0m [0m[0m[1m   │ [0m[0m [0m[0m [0m[0m [0m[0m [0m[0m [0m[0m [0m[0m [0m[0m [0m[0m [0m[0m [0m[0m [0m[0m [0m[0m [0m[0m [0m[0m [0m[0m [0m[0m [0m[0m[1m[31m^[0m[0m[1m[31m^[0m[0m[1m[31m^[0m[0m[1m[31m^[0m[0m[1m[31m^[0m[0m[1m[31m^[0m[0m
[0m[0m  [0m[0m  [0m[0m[1m3 │ [0m[0mi[0m[0mm[0m[0mp[0m[0mo[0m[0mr[0m[0mt[0m[0m [0m[0m{[0m[0m [0m[0mW[0m[0mO[0m[0mR[0m[0mK[0m[0mS[0m[0mP[0m[0mA[0m[0mC[0m[0mE[0m[0m_[0m[0mP[0m[0mA[0m[0mT[0m[0mH[0m[0m [0m[0m}[0m[0m [0m[0mf[0m[0mr[0m[0mo[0m[0mm[0m[0m [0m[0m'[0m[0m.[0m[0m/[0m[0mp[0m[0ma[0m[0mt[0m[0mh[0m[0ms[0m[0m'[0m[0m;[0m[0m
[0m[0m  [0m[0m  [0m[0m[1m4 │ [0m[0m
[0m[0m  [0m[0m
[0m[0m  [0m[0m[1m[34mℹ[0m[0m [0m[0m[34mUsing the [0m[0m[1m[34mnode:[0m[0m[34m protocol is more explicit and signals that the imported module belongs to Node.js.[0m[0m
[0m[0m  [0m[0m
[0m[0m  [0m[0m[1m[34mℹ[0m[0m [0m[0m[34mUnsafe fix: Add the [0m[0m[1m[34mnode:[0m[0m[34m protocol.[0m[0m
[0m[0m  [0m[0m
[0m[0m  [0m[0m  [0m[0m[1m 1[0m[0m [0m[0m[1m 1[0m[0m[1m │ [0m[0m [0m[0m [0m[0mi[0m[0mm[0m[0mp[0m[0mo[0m[0mr[0m[0mt[0m[0m [0m[0mf[0m[0ms[0m[0m [0m[0mf[0m[0mr[0m[0mo[0m[0mm[0m[0m [0m[0m'[0m[0mf[0m[0ms[0m[0m'[0m[0m;[0m[0m
[0m[0m  [0m[0m  [0m[0m[1m 2[0m[0m [0m[0m [0m[0m [0m[0m[1m │ [0m[0m[31m-[0m[0m [0m[0m[31mi[0m[0m[31mm[0m[0m[31mp[0m[0m[31mo[0m[0m[31mr[0m[0m[31mt[0m[0m[2m[31m·[0m[0m[31mp[0m[0m[31ma[0m[0m[31mt[0m[0m[31mh[0m[0m[2m[31m·[0m[0m[31mf[0m[0m[31mr[0m[0m[31mo[0m[0m[31mm[0m[0m[2m[31m·[0m[0m[31m'[0m[0m[1m[31mp[0m[0m[1m[31ma[0m[0m[1m[31mt[0m[0m[1m[31mh[0m[0m[31m'[0m[0m[31m;[0m[0m
[0m[0m  [0m[0m  [0m[0m [0m[0m [0m[0m [0m[0m[1m 2[0m[0m[1m │ [0m[0m[32m+[0m[0m [0m[0m[32mi[0m[0m[32mm[0m[0m[32mp[0m[0m[32mo[0m[0m[32mr[0m[0m[32mt[0m[0m[2m[32m·[0m[0m[32mp[0m[0m[32ma[0m[0m[32mt[0m[0m[32mh[0m[0m[2m[32m·[0m[0m[32mf[0m[0m[32mr[0m[0m[32mo[0m[0m[32mm[0m[0m[2m[32m·[0m[0m[32m'[0m[0m[1m[32mn[0m[0m[1m[32mo[0m[0m[1m[32md[0m[0m[1m[32me[0m[0m[1m[32m:[0m[0m[1m[32mp[0m[0m[1m[32ma[0m[0m[1m[32mt[0m[0m[1m[32mh[0m[0m[32m'[0m[0m[32m;[0m[0m
[0m[0m  [0m[0m  [0m[0m[1m 3[0m[0m [0m[0m[1m 3[0m[0m[1m │ [0m[0m [0m[0m [0m[0mi[0m[0mm[0m[0mp[0m[0mo[0m[0mr[0m[0mt[0m[0m [0m[0m{[0m[0m [0m[0mW[0m[0mO[0m[0mR[0m[0mK[0m[0mS[0m[0mP[0m[0mA[0m[0mC[0m[0mE[0m[0m_[0m[0mP[0m[0mA[0m[0mT[0m[0mH[0m[0m [0m[0m}[0m[0m [0m[0mf[0m[0mr[0m[0mo[0m[0mm[0m[0m [0m[0m'[0m[0m.[0m[0m/[0m[0mp[0m[0ma[0m[0mt[0m[0mh[0m[0ms[0m[0m'[0m[0m;[0m[0m
[0m[0m  [0m[0m  [0m[0m[1m 4[0m[0m [0m[0m[1m 4[0m[0m[1m │ [0m[0m [0m[0m [0m[0m
[0m[0m  [0m[0m
[0m
[0msrc/mastra/__test-helpers__/mock-harness.ts[0m[0m:[0m[0m84[0m[0m:[0m[0m29[0m[0m [0m[0m]8;;https://biomejs.dev/linter/rules/no-explicit-any\lint/suspicious/noExplicitAny]8;;\[0m[0m [0m[0m━━━━━━━━━━━━━━━━━━━━━━━━━━━━━━━━━━━━━━━━━━━━━━━━━━━━━━━━━━━━━━━━━━━━━━━━━━━━━━━[0m[0m

[0m[0m  [0m[0m[1m[33m⚠[0m[0m [0m[0m[33mUnexpected [0m[0m[1m[33many[0m[0m[33m. Specify a different type.[0m[0m
[0m[0m  [0m[0m
[0m[0m  [0m[0m  [0m[0m[1m82 │ [0m[0m [0m[0m [0m[0ma[0m[0ms[0m[0my[0m[0mn[0m[0mc[0m[0m [0m[0ms[0m[0me[0m[0mt[0m[0mT[0m[0mh[0m[0mr[0m[0me[0m[0ma[0m[0md[0m[0mS[0m[0me[0m[0mt[0m[0mt[0m[0mi[0m[0mn[0m[0mg[0m[0m([0m[0m_[0m[0mo[0m[0mp[0m[0mt[0m[0ms[0m[0m:[0m[0m [0m[0m{[0m[0m [0m[0mk[0m[0me[0m[0my[0m[0m:[0m[0m [0m[0ms[0m[0mt[0m[0mr[0m[0mi[0m[0mn[0m[0mg[0m[0m;[0m[0m [0m[0mv[0m[0ma[0m[0ml[0m[0mu[0m[0me[0m[0m:[0m[0m [0m[0mu[0m[0mn[0m[0mk[0m[0mn[0m[0mo[0m[0mw[0m[0mn[0m[0m [0m[0m}[0m[0m)[0m[0m:[0m[0m [0m[0mP[0m[0mr[0m[0mo[0m[0mm[0m[0mi[0m[0ms[0m[0me[0m[0m<[0m[0mv[0m[0mo[0m[0mi[0m[0md[0m[0m>[0m[0m [0m[0m{[0m[0m}[0m[0m
[0m[0m  [0m[0m  [0m[0m[1m83 │ [0m[0m
[0m[0m  [0m[0m[1m[31m>[0m[0m [0m[0m[1m84 │ [0m[0m [0m[0m [0m[0ma[0m[0ms[0m[0my[0m[0mn[0m[0mc[0m[0m [0m[0ml[0m[0mi[0m[0ms[0m[0mt[0m[0mT[0m[0mh[0m[0mr[0m[0me[0m[0ma[0m[0md[0m[0ms[0m[0m([0m[0m_[0m[0mo[0m[0mp[0m[0mt[0m[0ms[0m[0m?[0m[0m:[0m[0m [0m[0ma[0m[0mn[0m[0my[0m[0m)[0m[0m:[0m[0m [0m[0mP[0m[0mr[0m[0mo[0m[0mm[0m[0mi[0m[0ms[0m[0me[0m[0m<[0m[0m{[0m[0m [0m[0mt[0m[0mh[0m[0mr[0m[0me[0m[0ma[0m[0md[0m[0ms[0m[0m:[0m[0m [0m[0ma[0m[0mn[0m[0my[0m[0m[[0m[0m][0m[0m [0m[0m}[0m[0m>[0m[0m [0m[0m{[0m[0m
[0m[0m  [0m[0m [0m[0m [0m[0m[1m   │ [0m[0m [0m[0m [0m[0m [0m[0m [0m[0m [0m[0m [0m[0m [0m[0m [0m[0m [0m[0m [0m[0m [0m[0m [0m[0m [0m[0m [0m[0m [0m[0m [0m[0m [0m[0m [0m[0m [0m[0m [0m[0m [0m[0m [0m[0m [0m[0m [0m[0m [0m[0m [0m[0m [0m[0m [0m[0m[1m[31m^[0m[0m[1m[31m^[0m[0m[1m[31m^[0m[0m
[0m[0m  [0m[0m  [0m[0m[1m85 │ [0m[0m [0m[0m [0m[0m [0m[0m [0m[0mr[0m[0me[0m[0mt[0m[0mu[0m[0mr[0m[0mn[0m[0m [0m[0m{[0m[0m [0m[0mt[0m[0mh[0m[0mr[0m[0me[0m[0ma[0m[0md[0m[0ms[0m[0m:[0m[0m [0m[0m[[0m[0m][0m[0m [0m[0m}[0m[0m;[0m[0m
[0m[0m  [0m[0m  [0m[0m[1m86 │ [0m[0m [0m[0m [0m[0m}[0m[0m
[0m[0m  [0m[0m
[0m[0m  [0m[0m[1m[34mℹ[0m[0m [0m[0m[1m[34many[0m[0m[34m disables many type checking rules. Its use should be avoided.[0m[0m
[0m[0m  [0m[0m
[0m
[0msrc/mastra/__test-helpers__/mock-harness.ts[0m[0m:[0m[0m84[0m[0m:[0m[0m54[0m[0m [0m[0m]8;;https://biomejs.dev/linter/rules/no-explicit-any\lint/suspicious/noExplicitAny]8;;\[0m[0m [0m[0m━━━━━━━━━━━━━━━━━━━━━━━━━━━━━━━━━━━━━━━━━━━━━━━━━━━━━━━━━━━━━━━━━━━━━━━━━━━━━━━[0m[0m

[0m[0m  [0m[0m[1m[33m⚠[0m[0m [0m[0m[33mUnexpected [0m[0m[1m[33many[0m[0m[33m. Specify a different type.[0m[0m
[0m[0m  [0m[0m
[0m[0m  [0m[0m  [0m[0m[1m82 │ [0m[0m [0m[0m [0m[0ma[0m[0ms[0m[0my[0m[0mn[0m[0mc[0m[0m [0m[0ms[0m[0me[0m[0mt[0m[0mT[0m[0mh[0m[0mr[0m[0me[0m[0ma[0m[0md[0m[0mS[0m[0me[0m[0mt[0m[0mt[0m[0mi[0m[0mn[0m[0mg[0m[0m([0m[0m_[0m[0mo[0m[0mp[0m[0mt[0m[0ms[0m[0m:[0m[0m [0m[0m{[0m[0m [0m[0mk[0m[0me[0m[0my[0m[0m:[0m[0m [0m[0ms[0m[0mt[0m[0mr[0m[0mi[0m[0mn[0m[0mg[0m[0m;[0m[0m [0m[0mv[0m[0ma[0m[0ml[0m[0mu[0m[0me[0m[0m:[0m[0m [0m[0mu[0m[0mn[0m[0mk[0m[0mn[0m[0mo[0m[0mw[0m[0mn[0m[0m [0m[0m}[0m[0m)[0m[0m:[0m[0m [0m[0mP[0m[0mr[0m[0mo[0m[0mm[0m[0mi[0m[0ms[0m[0me[0m[0m<[0m[0mv[0m[0mo[0m[0mi[0m[0md[0m[0m>[0m[0m [0m[0m{[0m[0m}[0m[0m
[0m[0m  [0m[0m  [0m[0m[1m83 │ [0m[0m
[0m[0m  [0m[0m[1m[31m>[0m[0m [0m[0m[1m84 │ [0m[0m [0m[0m [0m[0ma[0m[0ms[0m[0my[0m[0mn[0m[0mc[0m[0m [0m[0ml[0m[0mi[0m[0ms[0m[0mt[0m[0mT[0m[0mh[0m[0mr[0m[0me[0m[0ma[0m[0md[0m[0ms[0m[0m([0m[0m_[0m[0mo[0m[0mp[0m[0mt[0m[0ms[0m[0m?[0m[0m:[0m[0m [0m[0ma[0m[0mn[0m[0my[0m[0m)[0m[0m:[0m[0m [0m[0mP[0m[0mr[0m[0mo[0m[0mm[0m[0mi[0m[0ms[0m[0me[0m[0m<[0m[0m{[0m[0m [0m[0mt[0m[0mh[0m[0mr[0m[0me[0m[0ma[0m[0md[0m[0ms[0m[0m:[0m[0m [0m[0ma[0m[0mn[0m[0my[0m[0m[[0m[0m][0m[0m [0m[0m}[0m[0m>[0m[0m [0m[0m{[0m[0m
[0m[0m  [0m[0m [0m[0m [0m[0m[1m   │ [0m[0m [0m[0m [0m[0m [0m[0m [0m[0m [0m[0m [0m[0m [0m[0m [0m[0m [0m[0m [0m[0m [0m[0m [0m[0m [0m[0m [0m[0m [0m[0m [0m[0m [0m[0m [0m[0m [0m[0m [0m[0m [0m[0m [0m[0m [0m[0m [0m[0m [0m[0m [0m[0m [0m[0m [0m[0m [0m[0m [0m[0m [0m[0m [0m[0m [0m[0m [0m[0m [0m[0m [0m[0m [0m[0m [0m[0m [0m[0m [0m[0m [0m[0m [0m[0m [0m[0m [0m[0m [0m[0m [0m[0m [0m[0m [0m[0m [0m[0m [0m[0m [0m[0m [0m[0m [0m[0m[1m[31m^[0m[0m[1m[31m^[0m[0m[1m[31m^[0m[0m
[0m[0m  [0m[0m  [0m[0m[1m85 │ [0m[0m [0m[0m [0m[0m [0m[0m [0m[0mr[0m[0me[0m[0mt[0m[0mu[0m[0mr[0m[0mn[0m[0m [0m[0m{[0m[0m [0m[0mt[0m[0mh[0m[0mr[0m[0me[0m[0ma[0m[0md[0m[0ms[0m[0m:[0m[0m [0m[0m[[0m[0m][0m[0m [0m[0m}[0m[0m;[0m[0m
[0m[0m  [0m[0m  [0m[0m[1m86 │ [0m[0m [0m[0m [0m[0m}[0m[0m
[0m[0m  [0m[0m
[0m[0m  [0m[0m[1m[34mℹ[0m[0m [0m[0m[1m[34many[0m[0m[34m disables many type checking rules. Its use should be avoided.[0m[0m
[0m[0m  [0m[0m
[0m
[0msrc/mastra/__test-helpers__/mock-harness.ts[0m[0m:[0m[0m206[0m[0m:[0m[0m53[0m[0m [0m[0m]8;;https://biomejs.dev/linter/rules/no-explicit-any\lint/suspicious/noExplicitAny]8;;\[0m[0m [0m[0m━━━━━━━━━━━━━━━━━━━━━━━━━━━━━━━━━━━━━━━━━━━━━━━━━━━━━━━━━━━━━━━━━━━━━━━━━━━━━━[0m[0m

[0m[0m  [0m[0m[1m[33m⚠[0m[0m [0m[0m[33mUnexpected [0m[0m[1m[33many[0m[0m[33m. Specify a different type.[0m[0m
[0m[0m  [0m[0m
[0m[0m  [0m[0m  [0m[0m[1m204 │ [0m[0m [0m[0m [0m[0m [0m[0m [0m[0mr[0m[0me[0m[0mt[0m[0mu[0m[0mr[0m[0mn[0m[0m [0m[0mn[0m[0me[0m[0mw[0m[0m [0m[0mM[0m[0mo[0m[0mc[0m[0mk[0m[0mH[0m[0ma[0m[0mr[0m[0mn[0m[0me[0m[0ms[0m[0ms[0m[0mI[0m[0mn[0m[0ms[0m[0mt[0m[0ma[0m[0mn[0m[0mc[0m[0me[0m[0m([0m[0m'[0m[0me[0m[0mp[0m[0mh[0m[0me[0m[0mm[0m[0me[0m[0mr[0m[0ma[0m[0ml[0m[0m'[0m[0m)[0m[0m;[0m[0m
[0m[0m  [0m[0m  [0m[0m[1m205 │ [0m[0m [0m[0m [0m[0m}[0m[0m,[0m[0m
[0m[0m  [0m[0m[1m[31m>[0m[0m [0m[0m[1m206 │ [0m[0m [0m[0m [0m[0ms[0m[0me[0m[0mn[0m[0md[0m[0m([0m[0mt[0m[0mh[0m[0mr[0m[0me[0m[0ma[0m[0md[0m[0mI[0m[0md[0m[0m:[0m[0m [0m[0ms[0m[0mt[0m[0mr[0m[0mi[0m[0mn[0m[0mg[0m[0m,[0m[0m [0m[0mc[0m[0mo[0m[0mn[0m[0mt[0m[0me[0m[0mn[0m[0mt[0m[0m:[0m[0m [0m[0ms[0m[0mt[0m[0mr[0m[0mi[0m[0mn[0m[0mg[0m[0m,[0m[0m [0m[0m_[0m[0mi[0m[0mm[0m[0ma[0m[0mg[0m[0me[0m[0ms[0m[0m?[0m[0m:[0m[0m [0m[0ma[0m[0mn[0m[0my[0m[0m)[0m[0m [0m[0m{[0m[0m
[0m[0m  [0m[0m [0m[0m [0m[0m [0m[0m[1m   │ [0m[0m [0m[0m [0m[0m [0m[0m [0m[0m [0m[0m [0m[0m [0m[0m [0m[0m [0m[0m [0m[0m [0m[0m [0m[0m [0m[0m [0m[0m [0m[0m [0m[0m [0m[0m [0m[0m [0m[0m [0m[0m [0m[0m [0m[0m [0m[0m [0m[0m [0m[0m [0m[0m [0m[0m [0m[0m [0m[0m [0m[0m [0m[0m [0m[0m [0m[0m [0m[0m [0m[0m [0m[0m [0m[0m [0m[0m [0m[0m [0m[0m [0m[0m [0m[0m [0m[0m [0m[0m [0m[0m [0m[0m [0m[0m [0m[0m [0m[0m [0m[0m [0m[0m [0m[0m[1m[31m^[0m[0m[1m[31m^[0m[0m[1m[31m^[0m[0m
[0m[0m  [0m[0m  [0m[0m[1m207 │ [0m[0m [0m[0m [0m[0m [0m[0m [0m[0mc[0m[0mo[0m[0mn[0m[0ms[0m[0mt[0m[0m [0m[0me[0m[0mn[0m[0mt[0m[0mr[0m[0my[0m[0m [0m[0m=[0m[0m [0m[0m_[0m[0mp[0m[0mo[0m[0mo[0m[0ml[0m[0mM[0m[0ma[0m[0mp[0m[0m.[0m[0mg[0m[0me[0m[0mt[0m[0m([0m[0mt[0m[0mh[0m[0mr[0m[0me[0m[0ma[0m[0md[0m[0mI[0m[0md[0m[0m)[0m[0m;[0m[0m
[0m[0m  [0m[0m  [0m[0m[1m208 │ [0m[0m [0m[0m [0m[0m [0m[0m [0m[0mi[0m[0mf[0m[0m [0m[0m([0m[0me[0m[0mn[0m[0mt[0m[0mr[0m[0my[0m[0m)[0m[0m [0m[0me[0m[0mn[0m[0mt[0m[0mr[0m[0my[0m[0m.[0m[0mh[0m[0ma[0m[0mr[0m[0mn[0m[0me[0m[0ms[0m[0ms[0m[0m.[0m[0ms[0m[0me[0m[0mn[0m[0md[0m[0mM[0m[0me[0m[0ms[0m[0ms[0m[0ma[0m[0mg[0m[0me[0m[0m([0m[0mc[0m[0mo[0m[0mn[0m[0mt[0m[0me[0m[0mn[0m[0mt[0m[0m)[0m[0m.[0m[0mc[0m[0ma[0m[0mt[0m[0mc[0m[0mh[0m[0m([0m[0m([0m[0m)[0m[0m [0m[0m=[0m[0m>[0m[0m [0m[0m{[0m[0m}[0m[0m)[0m[0m;[0m[0m
[0m[0m  [0m[0m
[0m[0m  [0m[0m[1m[34mℹ[0m[0m [0m[0m[1m[34many[0m[0m[34m disables many type checking rules. Its use should be avoided.[0m[0m
[0m[0m  [0m[0m
[0m
[0msrc/mastra/__test-helpers__/mock-harness.ts[0m[0m:[0m[0m210[0m[0m:[0m[0m64[0m[0m [0m[0m]8;;https://biomejs.dev/linter/rules/no-explicit-any\lint/suspicious/noExplicitAny]8;;\[0m[0m [0m[0m━━━━━━━━━━━━━━━━━━━━━━━━━━━━━━━━━━━━━━━━━━━━━━━━━━━━━━━━━━━━━━━━━━━━━━━━━━━━━━[0m[0m

[0m[0m  [0m[0m[1m[33m⚠[0m[0m [0m[0m[33mUnexpected [0m[0m[1m[33many[0m[0m[33m. Specify a different type.[0m[0m
[0m[0m  [0m[0m
[0m[0m  [0m[0m  [0m[0m[1m208 │ [0m[0m [0m[0m [0m[0m [0m[0m [0m[0mi[0m[0mf[0m[0m [0m[0m([0m[0me[0m[0mn[0m[0mt[0m[0mr[0m[0my[0m[0m)[0m[0m [0m[0me[0m[0mn[0m[0mt[0m[0mr[0m[0my[0m[0m.[0m[0mh[0m[0ma[0m[0mr[0m[0mn[0m[0me[0m[0ms[0m[0ms[0m[0m.[0m[0ms[0m[0me[0m[0mn[0m[0md[0m[0mM[0m[0me[0m[0ms[0m[0ms[0m[0ma[0m[0mg[0m[0me[0m[0m([0m[0mc[0m[0mo[0m[0mn[0m[0mt[0m[0me[0m[0mn[0m[0mt[0m[0m)[0m[0m.[0m[0mc[0m[0ma[0m[0mt[0m[0mc[0m[0mh[0m[0m([0m[0m([0m[0m)[0m[0m [0m[0m=[0m[0m>[0m[0m [0m[0m{[0m[0m}[0m[0m)[0m[0m;[0m[0m
[0m[0m  [0m[0m  [0m[0m[1m209 │ [0m[0m [0m[0m [0m[0m}[0m[0m,[0m[0m
[0m[0m  [0m[0m[1m[31m>[0m[0m [0m[0m[1m210 │ [0m[0m [0m[0m [0m[0ma[0m[0ms[0m[0my[0m[0mn[0m[0mc[0m[0m [0m[0ms[0m[0me[0m[0mn[0m[0md[0m[0mA[0m[0ms[0m[0my[0m[0mn[0m[0mc[0m[0m([0m[0mt[0m[0mh[0m[0mr[0m[0me[0m[0ma[0m[0md[0m[0mI[0m[0md[0m[0m:[0m[0m [0m[0ms[0m[0mt[0m[0mr[0m[0mi[0m[0mn[0m[0mg[0m[0m,[0m[0m [0m[0mc[0m[0mo[0m[0mn[0m[0mt[0m[0me[0m[0mn[0m[0mt[0m[0m:[0m[0m [0m[0ms[0m[0mt[0m[0mr[0m[0mi[0m[0mn[0m[0mg[0m[0m,[0m[0m [0m[0m_[0m[0mi[0m[0mm[0m[0ma[0m[0mg[0m[0me[0m[0ms[0m[0m?[0m[0m:[0m[0m [0m[0ma[0m[0mn[0m[0my[0m[0m)[0m[0m [0m[0m{[0m[0m
[0m[0m  [0m[0m [0m[0m [0m[0m [0m[0m[1m   │ [0m[0m [0m[0m [0m[0m [0m[0m [0m[0m [0m[0m [0m[0m [0m[0m [0m[0m [0m[0m [0m[0m [0m[0m [0m[0m [0m[0m [0m[0m [0m[0m [0m[0m [0m[0m [0m[0m [0m[0m [0m[0m [0m[0m [0m[0m [0m[0m [0m[0m [0m[0m [0m[0m [0m[0m [0m[0m [0m[0m [0m[0m [0m[0m [0m[0m [0m[0m [0m[0m [0m[0m [0m[0m [0m[0m [0m[0m [0m[0m [0m[0m [0m[0m [0m[0m [0m[0m [0m[0m [0m[0m [0m[0m [0m[0m [0m[0m [0m[0m [0m[0m [0m[0m [0m[0m [0m[0m [0m[0m [0m[0m [0m[0m [0m[0m [0m[0m [0m[0m [0m[0m [0m[0m [0m[0m [0m[0m[1m[31m^[0m[0m[1m[31m^[0m[0m[1m[31m^[0m[0m
[0m[0m  [0m[0m  [0m[0m[1m211 │ [0m[0m [0m[0m [0m[0m [0m[0m [0m[0mc[0m[0mo[0m[0mn[0m[0ms[0m[0mt[0m[0m [0m[0me[0m[0mn[0m[0mt[0m[0mr[0m[0my[0m[0m [0m[0m=[0m[0m [0m[0m_[0m[0mp[0m[0mo[0m[0mo[0m[0ml[0m[0mM[0m[0ma[0m[0mp[0m[0m.[0m[0mg[0m[0me[0m[0mt[0m[0m([0m[0mt[0m[0mh[0m[0mr[0m[0me[0m[0ma[0m[0md[0m[0mI[0m[0md[0m[0m)[0m[0m;[0m[0m
[0m[0m  [0m[0m  [0m[0m[1m212 │ [0m[0m [0m[0m [0m[0m [0m[0m [0m[0mi[0m[0mf[0m[0m [0m[0m([0m[0m![0m[0me[0m[0mn[0m[0mt[0m[0mr[0m[0my[0m[0m)[0m[0m [0m[0mt[0m[0mh[0m[0mr[0m[0mo[0m[0mw[0m[0m [0m[0mn[0m[0me[0m[0mw[0m[0m [0m[0mE[0m[0mr[0m[0mr[0m[0mo[0m[0mr[0m[0m([0m[0m`[0m[0mN[0m[0mo[0m[0m [0m[0mm[0m[0mo[0m[0mc[0m[0mk[0m[0m [0m[0mp[0m[0mo[0m[0mo[0m[0ml[0m[0m [0m[0me[0m[0mn[0m[0mt[0m[0mr[0m[0my[0m[0m [0m[0mf[0m[0mo[0m[0mr[0m[0m [0m[0m$[0m[0m{[0m[0mt[0m[0mh[0m[0mr[0m[0me[0m[0ma[0m[0md[0m[0mI[0m[0md[0m[0m}[0m[0m`[0m[0m)[0m[0m;[0m[0m
[0m[0m  [0m[0m
[0m[0m  [0m[0m[1m[34mℹ[0m[0m [0m[0m[1m[34many[0m[0m[34m disables many type checking rules. Its use should be avoided.[0m[0m
[0m[0m  [0m[0m
[0m
[0msrc/mastra/__test-helpers__/mock-harness.ts[0m[0m:[0m[0m188[0m[0m:[0m[0m24[0m[0m [0m[0m]8;;https://biomejs.dev/linter/rules/no-banned-types\lint/complexity/noBannedTypes]8;;\[0m[0m [0m[0m━━━━━━━━━━━━━━━━━━━━━━━━━━━━━━━━━━━━━━━━━━━━━━━━━━━━━━━━━━━━━━━━━━━━━━━━━━━━━━[0m[0m

[0m[0m  [0m[0m[1m[33m⚠[0m[0m [0m[0m[33mDon't use '[0m[0m[1m[33mFunction[0m[0m[33m' as a type.[0m[0m
[0m[0m  [0m[0m
[0m[0m  [0m[0m  [0m[0m[1m186 │ [0m[0m [0m[0m [0m[0m}[0m[0m,[0m[0m
[0m[0m  [0m[0m  [0m[0m[1m187 │ [0m[0m [0m[0m [0m[0mt[0m[0mo[0m[0mu[0m[0mc[0m[0mh[0m[0m([0m[0m_[0m[0mt[0m[0mh[0m[0mr[0m[0me[0m[0ma[0m[0md[0m[0mI[0m[0md[0m[0m:[0m[0m [0m[0ms[0m[0mt[0m[0mr[0m[0mi[0m[0mn[0m[0mg[0m[0m)[0m[0m [0m[0m{[0m[0m}[0m[0m,[0m[0m
[0m[0m  [0m[0m[1m[31m>[0m[0m [0m[0m[1m188 │ [0m[0m [0m[0m [0m[0ms[0m[0mu[0m[0mb[0m[0ms[0m[0mc[0m[0mr[0m[0mi[0m[0mb[0m[0me[0m[0m([0m[0m_[0m[0ml[0m[0mi[0m[0ms[0m[0mt[0m[0me[0m[0mn[0m[0me[0m[0mr[0m[0m:[0m[0m [0m[0mF[0m[0mu[0m[0mn[0m[0mc[0m[0mt[0m[0mi[0m[0mo[0m[0mn[0m[0m)[0m[0m [0m[0m{[0m[0m [0m[0mr[0m[0me[0m[0mt[0m[0mu[0m[0mr[0m[0mn[0m[0m [0m[0m([0m[0m)[0m[0m [0m[0m=[0m[0m>[0m[0m [0m[0m{[0m[0m}[0m[0m;[0m[0m [0m[0m}[0m[0m,[0m[0m
[0m[0m  [0m[0m [0m[0m [0m[0m [0m[0m[1m   │ [0m[0m [0m[0m [0m[0m [0m[0m [0m[0m [0m[0m [0m[0m [0m[0m [0m[0m [0m[0m [0m[0m [0m[0m [0m[0m [0m[0m [0m[0m [0m[0m [0m[0m [0m[0m [0m[0m [0m[0m [0m[0m [0m[0m [0m[0m [0m[0m[1m[31m^[0m[0m[1m[31m^[0m[0m[1m[31m^[0m[0m[1m[31m^[0m[0m[1m[31m^[0m[0m[1m[31m^[0m[0m[1m[31m^[0m[0m[1m[31m^[0m[0m
[0m[0m  [0m[0m  [0m[0m[1m189 │ [0m[0m [0m[0m [0m[0ma[0m[0ms[0m[0my[0m[0mn[0m[0mc[0m[0m [0m[0mr[0m[0me[0m[0mm[0m[0mo[0m[0mv[0m[0me[0m[0m([0m[0m_[0m[0mt[0m[0mh[0m[0mr[0m[0me[0m[0ma[0m[0md[0m[0mI[0m[0md[0m[0m:[0m[0m [0m[0ms[0m[0mt[0m[0mr[0m[0mi[0m[0mn[0m[0mg[0m[0m)[0m[0m [0m[0m{[0m[0m [0m[0m_[0m[0mp[0m[0mo[0m[0mo[0m[0ml[0m[0mM[0m[0ma[0m[0mp[0m[0m.[0m[0md[0m[0me[0m[0ml[0m[0me[0m[0mt[0m[0me[0m[0m([0m[0m_[0m[0mt[0m[0mh[0m[0mr[0m[0me[0m[0ma[0m[0md[0m[0mI[0m[0md[0m[0m)[0m[0m;[0m[0m [0m[0m}[0m[0m,[0m[0m
[0m[0m  [0m[0m  [0m[0m[1m190 │ [0m[0m [0m[0m [0m[0ms[0m[0mt[0m[0ma[0m[0mr[0m[0mt[0m[0mS[0m[0mw[0m[0me[0m[0me[0m[0mp[0m[0me[0m[0mr[0m[0m([0m[0m)[0m[0m [0m[0m{[0m[0m}[0m[0m,[0m[0m
[0m[0m  [0m[0m
[0m[0m  [0m[0m[1m[34mℹ[0m[0m [0m[0m[34mThe '[0m[0m[1m[34mFunction[0m[0m[34m' type is unsafe and accepts any arbitrary function or "function-like" value.
[0m[0m  [0m[0m  [0m[0m[34mExplicitly defining the function's shape helps prevent mismatching argument types and return values.
[0m[0m  [0m[0m  [0m[0m[34mIf a generic "catch-all" callback type is required, consider using a "top type" like '[0m[0m[1m[34m(...args: never) => unknown[0m[0m[34m' instead.[0m[0m
[0m[0m  [0m[0m
[0m[0m  [0m[0m[1m[34mℹ[0m[0m [0m[0m[34mIf that's really what you want, use an inline disable comment.[0m[0m
[0m[0m  [0m[0m
[0m
[0msrc/mastra/__test-helpers__/mock-mastra.ts[0m[0m:[0m[0m24[0m[0m:[0m[0m12[0m[0m [0m[0m]8;;https://biomejs.dev/linter/rules/no-explicit-any\lint/suspicious/noExplicitAny]8;;\[0m[0m [0m[0m━━━━━━━━━━━━━━━━━━━━━━━━━━━━━━━━━━━━━━━━━━━━━━━━━━━━━━━━━━━━━━━━━━━━━━━━━━━━━━━━[0m[0m

[0m[0m  [0m[0m[1m[33m⚠[0m[0m [0m[0m[33mUnexpected [0m[0m[1m[33many[0m[0m[33m. Specify a different type.[0m[0m
[0m[0m  [0m[0m
[0m[0m  [0m[0m  [0m[0m[1m22 │ [0m[0me[0m[0mx[0m[0mp[0m[0mo[0m[0mr[0m[0mt[0m[0m [0m[0mi[0m[0mn[0m[0mt[0m[0me[0m[0mr[0m[0mf[0m[0ma[0m[0mc[0m[0me[0m[0m [0m[0mG[0m[0me[0m[0mn[0m[0me[0m[0mr[0m[0ma[0m[0mt[0m[0me[0m[0mC[0m[0ma[0m[0ml[0m[0ml[0m[0m [0m[0m{[0m[0m
[0m[0m  [0m[0m  [0m[0m[1m23 │ [0m[0m [0m[0m [0m[0mm[0m[0me[0m[0ms[0m[0ms[0m[0ma[0m[0mg[0m[0me[0m[0ms[0m[0m:[0m[0m [0m[0m{[0m[0m [0m[0mr[0m[0mo[0m[0ml[0m[0me[0m[0m:[0m[0m [0m[0ms[0m[0mt[0m[0mr[0m[0mi[0m[0mn[0m[0mg[0m[0m;[0m[0m [0m[0mc[0m[0mo[0m[0mn[0m[0mt[0m[0me[0m[0mn[0m[0mt[0m[0m:[0m[0m [0m[0ms[0m[0mt[0m[0mr[0m[0mi[0m[0mn[0m[0mg[0m[0m;[0m[0m [0m[0m[[0m[0mk[0m[0me[0m[0my[0m[0m:[0m[0m [0m[0ms[0m[0mt[0m[0mr[0m[0mi[0m[0mn[0m[0mg[0m[0m][0m[0m:[0m[0m [0m[0mu[0m[0mn[0m[0mk[0m[0mn[0m[0mo[0m[0mw[0m[0mn[0m[0m [0m[0m}[0m[0m[[0m[0m][0m[0m;[0m[0m
[0m[0m  [0m[0m[1m[31m>[0m[0m [0m[0m[1m24 │ [0m[0m [0m[0m [0m[0mo[0m[0mp[0m[0mt[0m[0mi[0m[0mo[0m[0mn[0m[0ms[0m[0m:[0m[0m [0m[0ma[0m[0mn[0m[0my[0m[0m;[0m[0m
[0m[0m  [0m[0m [0m[0m [0m[0m[1m   │ [0m[0m [0m[0m [0m[0m [0m[0m [0m[0m [0m[0m [0m[0m [0m[0m [0m[0m [0m[0m [0m[0m [0m[0m[1m[31m^[0m[0m[1m[31m^[0m[0m[1m[31m^[0m[0m
[0m[0m  [0m[0m  [0m[0m[1m25 │ [0m[0m}[0m[0m
[0m[0m  [0m[0m  [0m[0m[1m26 │ [0m[0m
[0m[0m  [0m[0m
[0m[0m  [0m[0m[1m[34mℹ[0m[0m [0m[0m[1m[34many[0m[0m[34m disables many type checking rules. Its use should be avoided.[0m[0m
[0m[0m  [0m[0m
[0m
[0msrc/mastra/__test-helpers__/mock-mastra.ts[0m[0m:[0m[0m34[0m[0m:[0m[0m78[0m[0m [0m[0m]8;;https://biomejs.dev/linter/rules/no-explicit-any\lint/suspicious/noExplicitAny]8;;\[0m[0m [0m[0m━━━━━━━━━━━━━━━━━━━━━━━━━━━━━━━━━━━━━━━━━━━━━━━━━━━━━━━━━━━━━━━━━━━━━━━━━━━━━━━━[0m[0m

[0m[0m  [0m[0m[1m[33m⚠[0m[0m [0m[0m[33mUnexpected [0m[0m[1m[33many[0m[0m[33m. Specify a different type.[0m[0m
[0m[0m  [0m[0m
[0m[0m  [0m[0m  [0m[0m[1m32 │ [0m[0m [0m[0m [0m[0mc[0m[0mo[0m[0mn[0m[0ms[0m[0mt[0m[0m [0m[0mg[0m[0me[0m[0mn[0m[0me[0m[0mr[0m[0ma[0m[0mt[0m[0me[0m[0mC[0m[0ma[0m[0ml[0m[0ml[0m[0ms[0m[0m:[0m[0m [0m[0mG[0m[0me[0m[0mn[0m[0me[0m[0mr[0m[0ma[0m[0mt[0m[0me[0m[0mC[0m[0ma[0m[0ml[0m[0ml[0m[0m[[0m[0m][0m[0m [0m[0m=[0m[0m [0m[0m[[0m[0m][0m[0m;[0m[0m
[0m[0m  [0m[0m  [0m[0m[1m33 │ [0m[0m
[0m[0m  [0m[0m[1m[31m>[0m[0m [0m[0m[1m34 │ [0m[0m [0m[0m [0m[0mc[0m[0mo[0m[0mn[0m[0ms[0m[0mt[0m[0m [0m[0mg[0m[0me[0m[0mn[0m[0me[0m[0mr[0m[0ma[0m[0mt[0m[0me[0m[0m [0m[0m=[0m[0m [0m[0mm[0m[0mo[0m[0mc[0m[0mk[0m[0m([0m[0ma[0m[0ms[0m[0my[0m[0mn[0m[0mc[0m[0m [0m[0m([0m[0mm[0m[0me[0m[0ms[0m[0ms[0m[0ma[0m[0mg[0m[0me[0m[0ms[0m[0m:[0m[0m [0m[0mG[0m[0me[0m[0mn[0m[0me[0m[0mr[0m[0ma[0m[0mt[0m[0me[0m[0mC[0m[0ma[0m[0ml[0m[0ml[0m[0m[[0m[0m'[0m[0mm[0m[0me[0m[0ms[0m[0ms[0m[0ma[0m[0mg[0m[0me[0m[0ms[0m[0m'[0m[0m][0m[0m,[0m[0m [0m[0mo[0m[0mp[0m[0mt[0m[0mi[0m[0mo[0m[0mn[0m[0ms[0m[0m?[0m[0m:[0m[0m [0m[0ma[0m[0mn[0m[0my[0m[0m)[0m[0m [0m[0m=[0m[0m>[0m[0m [0m[0m{[0m[0m
[0m[0m  [0m[0m [0m[0m [0m[0m[1m   │ [0m[0m [0m[0m [0m[0m [0m[0m [0m[0m [0m[0m [0m[0m [0m[0m [0m[0m [0m[0m [0m[0m [0m[0m [0m[0m [0m[0m [0m[0m [0m[0m [0m[0m [0m[0m [0m[0m [0m[0m [0m[0m [0m[0m [0m[0m [0m[0m [0m[0m [0m[0m [0m[0m [0m[0m [0m[0m [0m[0m [0m[0m [0m[0m [0m[0m [0m[0m [0m[0m [0m[0m [0m[0m [0m[0m [0m[0m [0m[0m [0m[0m [0m[0m [0m[0m [0m[0m [0m[0m [0m[0m [0m[0m [0m[0m [0m[0m [0m[0m [0m[0m [0m[0m [0m[0m [0m[0m [0m[0m [0m[0m [0m[0m [0m[0m [0m[0m [0m[0m [0m[0m [0m[0m [0m[0m [0m[0m [0m[0m [0m[0m [0m[0m [0m[0m [0m[0m [0m[0m [0m[0m [0m[0m [0m[0m [0m[0m [0m[0m [0m[0m [0m[0m [0m[0m[1m[31m^[0m[0m[1m[31m^[0m[0m[1m[31m^[0m[0m
[0m[0m  [0m[0m  [0m[0m[1m35 │ [0m[0m [0m[0m [0m[0m [0m[0m [0m[0mg[0m[0me[0m[0mn[0m[0me[0m[0mr[0m[0ma[0m[0mt[0m[0me[0m[0mC[0m[0ma[0m[0ml[0m[0ml[0m[0ms[0m[0m.[0m[0mp[0m[0mu[0m[0ms[0m[0mh[0m[0m([0m[0m{[0m[0m [0m[0mm[0m[0me[0m[0ms[0m[0ms[0m[0ma[0m[0mg[0m[0me[0m[0ms[0m[0m,[0m[0m [0m[0mo[0m[0mp[0m[0mt[0m[0mi[0m[0mo[0m[0mn[0m[0ms[0m[0m [0m[0m}[0m[0m)[0m[0m;[0m[0m
[0m[0m  [0m[0m  [0m[0m[1m36 │ [0m[0m [0m[0m [0m[0m [0m[0m [0m[0mc[0m[0mo[0m[0mn[0m[0ms[0m[0mt[0m[0m [0m[0ms[0m[0mi[0m[0mg[0m[0mn[0m[0ma[0m[0ml[0m[0m [0m[0m=[0m[0m [0m[0mo[0m[0mp[0m[0mt[0m[0mi[0m[0mo[0m[0mn[0m[0ms[0m[0m?[0m[0m.[0m[0ma[0m[0mb[0m[0mo[0m[0mr[0m[0mt[0m[0mS[0m[0mi[0m[0mg[0m[0mn[0m[0ma[0m[0ml[0m[0m [0m[0ma[0m[0ms[0m[0m [0m[0mA[0m[0mb[0m[0mo[0m[0mr[0m[0mt[0m[0mS[0m[0mi[0m[0mg[0m[0mn[0m[0ma[0m[0ml[0m[0m [0m[0m|[0m[0m [0m[0mu[0m[0mn[0m[0md[0m[0me[0m[0mf[0m[0mi[0m[0mn[0m[0me[0m[0md[0m[0m;[0m[0m
[0m[0m  [0m[0m
[0m[0m  [0m[0m[1m[34mℹ[0m[0m [0m[0m[1m[34many[0m[0m[34m disables many type checking rules. Its use should be avoided.[0m[0m
[0m[0m  [0m[0m
[0m
[0msrc/mastra/__test-helpers__/preload-harness-mock.ts[0m[0m:[0m[0m46[0m[0m:[0m[0m15[0m[0m [0m[0m]8;;https://biomejs.dev/linter/rules/no-banned-types\lint/complexity/noBannedTypes]8;;\[0m[0m [0m[0m━━━━━━━━━━━━━━━━━━━━━━━━━━━━━━━━━━━━━━━━━━━━━━━━━━━━━━━━━━━━━━━━━━━━━━━[0m[0m

[0m[0m  [0m[0m[1m[33m⚠[0m[0m [0m[0m[33mDon't use '[0m[0m[1m[33mFunction[0m[0m[33m' as a type.[0m[0m
[0m[0m  [0m[0m
[0m[0m  [0m[0m  [0m[0m[1m44 │ [0m[0m [0m[0m [0m[0m [0m[0m [0m[0mr[0m[0me[0m[0mt[0m[0mu[0m[0mr[0m[0mn[0m[0m [0m[0mt[0m[0me[0m[0mx[0m[0mt[0m[0mP[0m[0ma[0m[0mr[0m[0mt[0m[0ms[0m[0m.[0m[0mj[0m[0mo[0m[0mi[0m[0mn[0m[0m([0m[0m'[0m[0m\[0m[0mn[0m[0m'[0m[0m)[0m[0m.[0m[0mt[0m[0mr[0m[0mi[0m[0mm[0m[0m([0m[0m)[0m[0m;[0m[0m
[0m[0m  [0m[0m  [0m[0m[1m45 │ [0m[0m [0m[0m [0m[0m}[0m[0m [0m[0mf[0m[0mi[0m[0mn[0m[0ma[0m[0ml[0m[0ml[0m[0my[0m[0m [0m[0m{[0m[0m
[0m[0m  [0m[0m[1m[31m>[0m[0m [0m[0m[1m46 │ [0m[0m [0m[0m [0m[0m [0m[0m [0m[0m([0m[0mu[0m[0mn[0m[0ms[0m[0mu[0m[0mb[0m[0m [0m[0ma[0m[0ms[0m[0m [0m[0mF[0m[0mu[0m[0mn[0m[0mc[0m[0mt[0m[0mi[0m[0mo[0m[0mn[0m[0m)[0m[0m([0m[0m)[0m[0m;[0m[0m
[0m[0m  [0m[0m [0m[0m [0m[0m[1m   │ [0m[0m [0m[0m [0m[0m [0m[0m [0m[0m [0m[0m [0m[0m [0m[0m [0m[0m [0m[0m [0m[0m [0m[0m [0m[0m [0m[0m [0m[0m[1m[31m^[0m[0m[1m[31m^[0m[0m[1m[31m^[0m[0m[1m[31m^[0m[0m[1m[31m^[0m[0m[1m[31m^[0m[0m[1m[31m^[0m[0m[1m[31m^[0m[0m
[0m[0m  [0m[0m  [0m[0m[1m47 │ [0m[0m [0m[0m [0m[0m}[0m[0m
[0m[0m  [0m[0m  [0m[0m[1m48 │ [0m[0m}[0m[0m;[0m[0m
[0m[0m  [0m[0m
[0m[0m  [0m[0m[1m[34mℹ[0m[0m [0m[0m[34mThe '[0m[0m[1m[34mFunction[0m[0m[34m' type is unsafe and accepts any arbitrary function or "function-like" value.
[0m[0m  [0m[0m  [0m[0m[34mExplicitly defining the function's shape helps prevent mismatching argument types and return values.
[0m[0m  [0m[0m  [0m[0m[34mIf a generic "catch-all" callback type is required, consider using a "top type" like '[0m[0m[1m[34m(...args: never) => unknown[0m[0m[34m' instead.[0m[0m
[0m[0m  [0m[0m
[0m[0m  [0m[0m[1m[34mℹ[0m[0m [0m[0m[34mIf that's really what you want, use an inline disable comment.[0m[0m
[0m[0m  [0m[0m
[0m
[0msrc/mastra/__tests__/cron-utils.test.ts[0m[0m:[0m[0m50[0m[0m:[0m[0m46[0m[0m [0m[0m]8;;https://biomejs.dev/linter/rules/no-explicit-any\lint/suspicious/noExplicitAny]8;;\[0m[0m [0m[0m━━━━━━━━━━━━━━━━━━━━━━━━━━━━━━━━━━━━━━━━━━━━━━━━━━━━━━━━━━━━━━━━━━━━━━━━━━━━━━━━━━━[0m[0m

[0m[0m  [0m[0m[1m[33m⚠[0m[0m [0m[0m[33mUnexpected [0m[0m[1m[33many[0m[0m[33m. Specify a different type.[0m[0m
[0m[0m  [0m[0m
[0m[0m  [0m[0m  [0m[0m[1m49 │ [0m[0m [0m[0m [0m[0mt[0m[0me[0m[0ms[0m[0mt[0m[0m([0m[0m'[0m[0mu[0m[0mn[0m[0mk[0m[0mn[0m[0mo[0m[0mw[0m[0mn[0m[0m [0m[0mt[0m[0my[0m[0mp[0m[0me[0m[0m [0m[0mt[0m[0mh[0m[0mr[0m[0mo[0m[0mw[0m[0ms[0m[0m'[0m[0m,[0m[0m [0m[0m([0m[0m)[0m[0m [0m[0m=[0m[0m>[0m[0m [0m[0m{[0m[0m
[0m[0m  [0m[0m[1m[31m>[0m[0m [0m[0m[1m50 │ [0m[0m [0m[0m [0m[0m [0m[0m [0m[0me[0m[0mx[0m[0mp[0m[0me[0m[0mc[0m[0mt[0m[0m([0m[0m([0m[0m)[0m[0m [0m[0m=[0m[0m>[0m[0m [0m[0mt[0m[0mo[0m[0mC[0m[0mr[0m[0mo[0m[0mn[0m[0m([0m[0m{[0m[0m [0m[0mt[0m[0my[0m[0mp[0m[0me[0m[0m:[0m[0m [0m[0m'[0m[0mi[0m[0mn[0m[0mv[0m[0ma[0m[0ml[0m[0mi[0m[0md[0m[0m'[0m[0m [0m[0ma[0m[0ms[0m[0m [0m[0ma[0m[0mn[0m[0my[0m[0m [0m[0m}[0m[0m)[0m[0m)[0m[0m.[0m[0mt[0m[0mo[0m[0mT[0m[0mh[0m[0mr[0m[0mo[0m[0mw[0m[0m([0m[0m'[0m[0mU[0m[0mn[0m[0mk[0m[0mn[0m[0mo[0m[0mw[0m[0mn[0m[0m [0m[0ms[0m[0mc[0m[0mh[0m[0me[0m[0md[0m[0mu[0m[0ml[0m[0me[0m[0m [0m[0mt[0m[0my[0m[0mp[0m[0me[0m[0m'[0m[0m)[0m[0m;[0m[0m
[0m[0m  [0m[0m [0m[0m [0m[0m[1m   │ [0m[0m [0m[0m [0m[0m [0m[0m [0m[0m [0m[0m [0m[0m [0m[0m [0m[0m [0m[0m [0m[0m [0m[0m [0m[0m [0m[0m [0m[0m [0m[0m [0m[0m [0m[0m [0m[0m [0m[0m [0m[0m [0m[0m [0m[0m [0m[0m [0m[0m [0m[0m [0m[0m [0m[0m [0m[0m [0m[0m [0m[0m [0m[0m [0m[0m [0m[0m [0m[0m [0m[0m [0m[0m [0m[0m [0m[0m [0m[0m [0m[0m [0m[0m [0m[0m [0m[0m [0m[0m [0m[0m[1m[31m^[0m[0m[1m[31m^[0m[0m[1m[31m^[0m[0m
[0m[0m  [0m[0m  [0m[0m[1m51 │ [0m[0m [0m[0m [0m[0m}[0m[0m)[0m[0m;[0m[0m
[0m[0m  [0m[0m  [0m[0m[1m52 │ [0m[0m}[0m[0m)[0m[0m;[0m[0m
[0m[0m  [0m[0m
[0m[0m  [0m[0m[1m[34mℹ[0m[0m [0m[0m[1m[34many[0m[0m[34m disables many type checking rules. Its use should be avoided.[0m[0m
[0m[0m  [0m[0m
[0m
[0msrc/mastra/__tests__/cron-utils.test.ts[0m[0m:[0m[0m92[0m[0m:[0m[0m50[0m[0m [0m[0m]8;;https://biomejs.dev/linter/rules/no-explicit-any\lint/suspicious/noExplicitAny]8;;\[0m[0m [0m[0m━━━━━━━━━━━━━━━━━━━━━━━━━━━━━━━━━━━━━━━━━━━━━━━━━━━━━━━━━━━━━━━━━━━━━━━━━━━━━━━━━━━[0m[0m

[0m[0m  [0m[0m[1m[33m⚠[0m[0m [0m[0m[33mUnexpected [0m[0m[1m[33many[0m[0m[33m. Specify a different type.[0m[0m
[0m[0m  [0m[0m
[0m[0m  [0m[0m  [0m[0m[1m91 │ [0m[0m [0m[0m [0m[0mt[0m[0me[0m[0ms[0m[0mt[0m[0m([0m[0m'[0m[0mu[0m[0mn[0m[0mk[0m[0mn[0m[0mo[0m[0mw[0m[0mn[0m[0m [0m[0mt[0m[0my[0m[0mp[0m[0me[0m[0m'[0m[0m,[0m[0m [0m[0m([0m[0m)[0m[0m [0m[0m=[0m[0m>[0m[0m [0m[0m{[0m[0m
[0m[0m  [0m[0m[1m[31m>[0m[0m [0m[0m[1m92 │ [0m[0m [0m[0m [0m[0m [0m[0m [0m[0me[0m[0mx[0m[0mp[0m[0me[0m[0mc[0m[0mt[0m[0m([0m[0md[0m[0me[0m[0ms[0m[0mc[0m[0mr[0m[0mi[0m[0mb[0m[0me[0m[0mS[0m[0mc[0m[0mh[0m[0me[0m[0md[0m[0mu[0m[0ml[0m[0me[0m[0m([0m[0m{[0m[0m [0m[0mt[0m[0my[0m[0mp[0m[0me[0m[0m:[0m[0m [0m[0m'[0m[0mi[0m[0mn[0m[0mv[0m[0ma[0m[0ml[0m[0mi[0m[0md[0m[0m'[0m[0m [0m[0ma[0m[0ms[0m[0m [0m[0ma[0m[0mn[0m[0my[0m[0m [0m[0m}[0m[0m)[0m[0m)[0m[0m.[0m[0mt[0m[0mo[0m[0mB[0m[0me[0m[0m([0m[0m'[0m[0mU[0m[0mn[0m[0mk[0m[0mn[0m[0mo[0m[0mw[0m[0mn[0m[0m [0m[0ms[0m[0mc[0m[0mh[0m[0me[0m[0md[0m[0mu[0m[0ml[0m[0me[0m[0m'[0m[0m)[0m[0m;[0m[0m
[0m[0m  [0m[0m [0m[0m [0m[0m[1m   │ [0m[0m [0m[0m [0m[0m [0m[0m [0m[0m [0m[0m [0m[0m [0m[0m [0m[0m [0m[0m [0m[0m [0m[0m [0m[0m [0m[0m [0m[0m [0m[0m [0m[0m [0m[0m [0m[0m [0m[0m [0m[0m [0m[0m [0m[0m [0m[0m [0m[0m [0m[0m [0m[0m [0m[0m [0m[0m [0m[0m [0m[0m [0m[0m [0m[0m [0m[0m [0m[0m [0m[0m [0m[0m [0m[0m [0m[0m [0m[0m [0m[0m [0m[0m [0m[0m [0m[0m [0m[0m [0m[0m [0m[0m [0m[0m [0m[0m [0m[0m[1m[31m^[0m[0m[1m[31m^[0m[0m[1m[31m^[0m[0m
[0m[0m  [0m[0m  [0m[0m[1m93 │ [0m[0m [0m[0m [0m[0m}[0m[0m)[0m[0m;[0m[0m
[0m[0m  [0m[0m  [0m[0m[1m94 │ [0m[0m}[0m[0m)[0m[0m;[0m[0m
[0m[0m  [0m[0m
[0m[0m  [0m[0m[1m[34mℹ[0m[0m [0m[0m[1m[34many[0m[0m[34m disables many type checking rules. Its use should be avoided.[0m[0m
[0m[0m  [0m[0m
[0m
[0msrc/mastra/__tests__/cron-utils.test.ts[0m[0m:[0m[0m2[0m[0m:[0m[0m36[0m[0m [0m[0m]8;;https://biomejs.dev/linter/rules/no-unused-imports\lint/correctness/noUnusedImports]8;;\[0m[0m [0m[0m[30m[47m FIXABLE [0m[0m [0m[0m━━━━━━━━━━━━━━━━━━━━━━━━━━━━━━━━━━━━━━━━━━━━━━━━━━━━━━━━━━━━━━━━━━━━━━━[0m[0m

[0m[0m  [0m[0m[1m[33m⚠[0m[0m [0m[0m[33mSeveral of these [0m[0m[1m[33mimports[0m[0m[33m are unused.[0m[0m
[0m[0m  [0m[0m
[0m[0m  [0m[0m  [0m[0m[1m1 │ [0m[0mi[0m[0mm[0m[0mp[0m[0mo[0m[0mr[0m[0mt[0m[0m [0m[0m{[0m[0m [0m[0md[0m[0me[0m[0ms[0m[0mc[0m[0mr[0m[0mi[0m[0mb[0m[0me[0m[0m,[0m[0m [0m[0me[0m[0mx[0m[0mp[0m[0me[0m[0mc[0m[0mt[0m[0m,[0m[0m [0m[0mt[0m[0me[0m[0ms[0m[0mt[0m[0m [0m[0m}[0m[0m [0m[0mf[0m[0mr[0m[0mo[0m[0mm[0m[0m [0m[0m'[0m[0mb[0m[0mu[0m[0mn[0m[0m:[0m[0mt[0m[0me[0m[0ms[0m[0mt[0m[0m'[0m[0m;[0m[0m
[0m[0m  [0m[0m[1m[31m>[0m[0m [0m[0m[1m2 │ [0m[0mi[0m[0mm[0m[0mp[0m[0mo[0m[0mr[0m[0mt[0m[0m [0m[0m{[0m[0m [0m[0mt[0m[0mo[0m[0mC[0m[0mr[0m[0mo[0m[0mn[0m[0m,[0m[0m [0m[0md[0m[0me[0m[0ms[0m[0mc[0m[0mr[0m[0mi[0m[0mb[0m[0me[0m[0mS[0m[0mc[0m[0mh[0m[0me[0m[0md[0m[0mu[0m[0ml[0m[0me[0m[0m,[0m[0m [0m[0mt[0m[0my[0m[0mp[0m[0me[0m[0m [0m[0mS[0m[0mc[0m[0mh[0m[0me[0m[0md[0m[0mu[0m[0ml[0m[0me[0m[0mC[0m[0mo[0m[0mn[0m[0mf[0m[0mi[0m[0mg[0m[0m [0m[0m}[0m[0m [0m[0mf[0m[0mr[0m[0mo[0m[0mm[0m[0m [0m[0m'[0m[0m.[0m[0m.[0m[0m/[0m[0mc[0m[0mr[0m[0mo[0m[0mn[0m[0m-[0m[0mu[0m[0mt[0m[0mi[0m[0ml[0m[0ms[0m[0m'[0m[0m;[0m[0m
[0m[0m  [0m[0m [0m[0m[1m   │ [0m[0m [0m[0m [0m[0m [0m[0m [0m[0m [0m[0m [0m[0m [0m[0m [0m[0m [0m[0m [0m[0m [0m[0m [0m[0m [0m[0m [0m[0m [0m[0m [0m[0m [0m[0m [0m[0m [0m[0m [0m[0m [0m[0m [0m[0m [0m[0m [0m[0m [0m[0m [0m[0m [0m[0m [0m[0m [0m[0m [0m[0m [0m[0m [0m[0m [0m[0m [0m[0m [0m[0m[1m[31m^[0m[0m[1m[31m^[0m[0m[1m[31m^[0m[0m[1m[31m^[0m[0m[1m[31m^[0m[0m[1m[31m^[0m[0m[1m[31m^[0m[0m[1m[31m^[0m[0m[1m[31m^[0m[0m[1m[31m^[0m[0m[1m[31m^[0m[0m[1m[31m^[0m[0m[1m[31m^[0m[0m[1m[31m^[0m[0m[1m[31m^[0m[0m[1m[31m^[0m[0m[1m[31m^[0m[0m[1m[31m^[0m[0m[1m[31m^[0m[0m
[0m[0m  [0m[0m  [0m[0m[1m3 │ [0m[0m
[0m[0m  [0m[0m  [0m[0m[1m4 │ [0m[0md[0m[0me[0m[0ms[0m[0mc[0m[0mr[0m[0mi[0m[0mb[0m[0me[0m[0m([0m[0m'[0m[0mt[0m[0mo[0m[0mC[0m[0mr[0m[0mo[0m[0mn[0m[0m'[0m[0m,[0m[0m [0m[0m([0m[0m)[0m[0m [0m[0m=[0m[0m>[0m[0m [0m[0m{[0m[0m
[0m[0m  [0m[0m
[0m[0m  [0m[0m[1m[34mℹ[0m[0m [0m[0m[34mUnused imports might be the result of an incomplete refactoring.[0m[0m
[0m[0m  [0m[0m
[0m[0m  [0m[0m[1m[34mℹ[0m[0m [0m[0m[34mUnsafe fix: Remove the unused imports.[0m[0m
[0m[0m  [0m[0m
[0m[0m  [0m[0m[1m  2 │ [0m[0mi[0m[0mm[0m[0mp[0m[0mo[0m[0mr[0m[0mt[0m[0m[2m·[0m[0m{[0m[0m[2m·[0m[0mt[0m[0mo[0m[0mC[0m[0mr[0m[0mo[0m[0mn[0m[0m,[0m[0m[2m·[0m[0md[0m[0me[0m[0ms[0m[0mc[0m[0mr[0m[0mi[0m[0mb[0m[0me[0m[0mS[0m[0mc[0m[0mh[0m[0me[0m[0md[0m[0mu[0m[0ml[0m[0me[0m[0m,[0m[0m[2m·[0m[0m[31mt[0m[0m[31my[0m[0m[31mp[0m[0m[31me[0m[0m[2m[31m·[0m[0m[31mS[0m[0m[31mc[0m[0m[31mh[0m[0m[31me[0m[0m[31md[0m[0m[31mu[0m[0m[31ml[0m[0m[31me[0m[0m[31mC[0m[0m[31mo[0m[0m[31mn[0m[0m[31mf[0m[0m[31mi[0m[0m[31mg[0m[0m[2m[31m·[0m[0m}[0m[0m[2m·[0m[0mf[0m[0mr[0m[0mo[0m[0mm[0m[0m[2m·[0m[0m'[0m[0m.[0m[0m.[0m[0m/[0m[0mc[0m[0mr[0m[0mo[0m[0mn[0m[0m-[0m[0mu[0m[0mt[0m[0mi[0m[0ml[0m[0ms[0m[0m'[0m[0m;[0m[0m
[0m[0m  [0m[0m[1m    │ [0m[0m [0m[0m [0m[0m [0m[0m [0m[0m [0m[0m [0m[0m [0m[0m [0m[0m [0m[0m [0m[0m [0m[0m [0m[0m [0m[0m [0m[0m [0m[0m [0m[0m [0m[0m [0m[0m [0m[0m [0m[0m [0m[0m [0m[0m [0m[0m [0m[0m [0m[0m [0m[0m [0m[0m [0m[0m [0m[0m [0m[0m [0m[0m [0m[0m [0m[0m [0m[0m [0m[0m[31m-[0m[0m[31m-[0m[0m[31m-[0m[0m[31m-[0m[0m[31m-[0m[0m[31m-[0m[0m[31m-[0m[0m[31m-[0m[0m[31m-[0m[0m[31m-[0m[0m[31m-[0m[0m[31m-[0m[0m[31m-[0m[0m[31m-[0m[0m[31m-[0m[0m[31m-[0m[0m[31m-[0m[0m[31m-[0m[0m[31m-[0m[0m[31m-[0m[0m [0m[0m [0m[0m [0m[0m [0m[0m [0m[0m [0m[0m [0m[0m [0m[0m [0m[0m [0m[0m [0m[0m [0m[0m [0m[0m [0m[0m [0m[0m [0m[0m [0m[0m [0m[0m [0m[0m [0m[0m [0m[0m [0m[0m [0m[0m
[0m
[0msrc/mastra/agents/coworker/instructions.ts[0m[0m:[0m[0m25[0m[0m:[0m[0m11[0m[0m [0m[0m]8;;https://biomejs.dev/linter/rules/no-non-null-assertion\lint/style/noNonNullAssertion]8;;\[0m[0m [0m[0m━━━━━━━━━━━━━━━━━━━━━━━━━━━━━━━━━━━━━━━━━━━━━━━━━━━━━━━━━━━━━━━━━━━━━━━━━━━━━━━━[0m[0m

[0m[0m  [0m[0m[1m[33m⚠[0m[0m [0m[0m[33mForbidden non-null assertion.[0m[0m
[0m[0m  [0m[0m
[0m[0m  [0m[0m  [0m[0m[1m23 │ [0m[0m [0m[0m [0m[0m/[0m[0m/[0m[0m [0m[0mB[0m[0mu[0m[0mi[0m[0ml[0m[0md[0m[0m [0m[0ms[0m[0mt[0m[0mr[0m[0mu[0m[0mc[0m[0mt[0m[0mu[0m[0mr[0m[0me[0m[0md[0m[0m [0m[0mp[0m[0mr[0m[0mo[0m[0mm[0m[0mp[0m[0mt[0m[0m [0m[0mf[0m[0mr[0m[0mo[0m[0mm[0m[0m [0m[0mm[0m[0mo[0m[0md[0m[0me[0m[0m [0m[0m+[0m[0m [0m[0ms[0m[0mt[0m[0ma[0m[0mt[0m[0me[0m[0m
[0m[0m  [0m[0m  [0m[0m[1m24 │ [0m[0m [0m[0m [0m[0mc[0m[0mo[0m[0mn[0m[0ms[0m[0mt[0m[0m [0m[0mp[0m[0mr[0m[0mo[0m[0mm[0m[0mp[0m[0mt[0m[0m [0m[0m=[0m[0m [0m[0mb[0m[0mu[0m[0mi[0m[0ml[0m[0md[0m[0mF[0m[0mu[0m[0ml[0m[0ml[0m[0mP[0m[0mr[0m[0mo[0m[0mm[0m[0mp[0m[0mt[0m[0m([0m[0m{[0m[0m
[0m[0m  [0m[0m[1m[31m>[0m[0m [0m[0m[1m25 │ [0m[0m [0m[0m [0m[0m [0m[0m [0m[0md[0m[0ma[0m[0mt[0m[0me[0m[0m:[0m[0m [0m[0mn[0m[0me[0m[0mw[0m[0m [0m[0mD[0m[0ma[0m[0mt[0m[0me[0m[0m([0m[0m)[0m[0m.[0m[0mt[0m[0mo[0m[0mI[0m[0mS[0m[0mO[0m[0mS[0m[0mt[0m[0mr[0m[0mi[0m[0mn[0m[0mg[0m[0m([0m[0m)[0m[0m.[0m[0ms[0m[0mp[0m[0ml[0m[0mi[0m[0mt[0m[0m([0m[0m'[0m[0mT[0m[0m'[0m[0m)[0m[0m[[0m[0m0[0m[0m][0m[0m![0m[0m,[0m[0m
[0m[0m  [0m[0m [0m[0m [0m[0m[1m   │ [0m[0m [0m[0m [0m[0m [0m[0m [0m[0m [0m[0m [0m[0m [0m[0m [0m[0m [0m[0m [0m[0m[1m[31m^[0m[0m[1m[31m^[0m[0m[1m[31m^[0m[0m[1m[31m^[0m[0m[1m[31m^[0m[0m[1m[31m^[0m[0m[1m[31m^[0m[0m[1m[31m^[0m[0m[1m[31m^[0m[0m[1m[31m^[0m[0m[1m[31m^[0m[0m[1m[31m^[0m[0m[1m[31m^[0m[0m[1m[31m^[0m[0m[1m[31m^[0m[0m[1m[31m^[0m[0m[1m[31m^[0m[0m[1m[31m^[0m[0m[1m[31m^[0m[0m[1m[31m^[0m[0m[1m[31m^[0m[0m[1m[31m^[0m[0m[1m[31m^[0m[0m[1m[31m^[0m[0m[1m[31m^[0m[0m[1m[31m^[0m[0m[1m[31m^[0m[0m[1m[31m^[0m[0m[1m[31m^[0m[0m[1m[31m^[0m[0m[1m[31m^[0m[0m[1m[31m^[0m[0m[1m[31m^[0m[0m[1m[31m^[0m[0m[1m[31m^[0m[0m[1m[31m^[0m[0m[1m[31m^[0m[0m[1m[31m^[0m[0m[1m[31m^[0m[0m
[0m[0m  [0m[0m  [0m[0m[1m26 │ [0m[0m [0m[0m [0m[0m [0m[0m [0m[0mm[0m[0mo[0m[0md[0m[0me[0m[0m:[0m[0m [0m[0mm[0m[0mo[0m[0md[0m[0me[0m[0mI[0m[0md[0m[0m,[0m[0m
[0m[0m  [0m[0m  [0m[0m[1m27 │ [0m[0m [0m[0m [0m[0m [0m[0m [0m[0mm[0m[0mo[0m[0md[0m[0me[0m[0mI[0m[0md[0m[0m,[0m[0m
[0m[0m  [0m[0m
[0m
[0msrc/mastra/agents/coworker/prompts/index.ts[0m[0m:[0m[0m19[0m[0m:[0m[0m26[0m[0m [0m[0m]8;;https://biomejs.dev/linter/rules/no-explicit-any\lint/suspicious/noExplicitAny]8;;\[0m[0m [0m[0m━━━━━━━━━━━━━━━━━━━━━━━━━━━━━━━━━━━━━━━━━━━━━━━━━━━━━━━━━━━━━━━━━━━━━━━━━━━━━━━[0m[0m

[0m[0m  [0m[0m[1m[33m⚠[0m[0m [0m[0m[33mUnexpected [0m[0m[1m[33many[0m[0m[33m. Specify a different type.[0m[0m
[0m[0m  [0m[0m
[0m[0m  [0m[0m  [0m[0m[1m17 │ [0m[0me[0m[0mx[0m[0mp[0m[0mo[0m[0mr[0m[0mt[0m[0m [0m[0mi[0m[0mn[0m[0mt[0m[0me[0m[0mr[0m[0mf[0m[0ma[0m[0mc[0m[0me[0m[0m [0m[0mP[0m[0mr[0m[0mo[0m[0mm[0m[0mp[0m[0mt[0m[0mC[0m[0mo[0m[0mn[0m[0mt[0m[0me[0m[0mx[0m[0mt[0m[0m [0m[0me[0m[0mx[0m[0mt[0m[0me[0m[0mn[0m[0md[0m[0ms[0m[0m [0m[0mB[0m[0ma[0m[0ms[0m[0me[0m[0mP[0m[0mr[0m[0mo[0m[0mm[0m[0mp[0m[0mt[0m[0mC[0m[0mo[0m[0mn[0m[0mt[0m[0me[0m[0mx[0m[0mt[0m[0m [0m[0m{[0m[0m
[0m[0m  [0m[0m  [0m[0m[1m18 │ [0m[0m [0m[0m [0m[0mm[0m[0mo[0m[0md[0m[0me[0m[0mI[0m[0md[0m[0m:[0m[0m [0m[0ms[0m[0mt[0m[0mr[0m[0mi[0m[0mn[0m[0mg[0m[0m;[0m[0m
[0m[0m  [0m[0m[1m[31m>[0m[0m [0m[0m[1m19 │ [0m[0m [0m[0m [0m[0ms[0m[0mt[0m[0ma[0m[0mt[0m[0me[0m[0m?[0m[0m:[0m[0m [0m[0mR[0m[0me[0m[0mc[0m[0mo[0m[0mr[0m[0md[0m[0m<[0m[0ms[0m[0mt[0m[0mr[0m[0mi[0m[0mn[0m[0mg[0m[0m,[0m[0m [0m[0ma[0m[0mn[0m[0my[0m[0m>[0m[0m;[0m[0m
[0m[0m  [0m[0m [0m[0m [0m[0m[1m   │ [0m[0m [0m[0m [0m[0m [0m[0m [0m[0m [0m[0m [0m[0m [0m[0m [0m[0m [0m[0m [0m[0m [0m[0m [0m[0m [0m[0m [0m[0m [0m[0m [0m[0m [0m[0m [0m[0m [0m[0m [0m[0m [0m[0m [0m[0m [0m[0m [0m[0m [0m[0m[1m[31m^[0m[0m[1m[31m^[0m[0m[1m[31m^[0m[0m
[0m[0m  [0m[0m  [0m[0m[1m20 │ [0m[0m}[0m[0m
[0m[0m  [0m[0m  [0m[0m[1m21 │ [0m[0m
[0m[0m  [0m[0m
[0m[0m  [0m[0m[1m[34mℹ[0m[0m [0m[0m[1m[34many[0m[0m[34m disables many type checking rules. Its use should be avoided.[0m[0m
[0m[0m  [0m[0m
[0m
[0m[33mThe number of diagnostics exceeds the limit allowed. Use [0m[0m[1m[33m--max-diagnostics[0m[0m[33m to increase it.
[0m[0m[34mDiagnostics not shown: [0m[0m[1m185[0m[0m[34m.[0m
[0m[34mChecked 79 files in 65[0m[0m[2m[34mms[0m[0m[34m.[0m[0m[34m No fixes applied.[0m[0m
[0m[0m[31mFound [0m[0m[31m2[0m[0m[31m errors.[0m[0m
[0m[0m[33mFound [0m[0m[33m178[0m[0m[33m warnings.[0m[0m
[0m[0m[34mFound [0m[0m[34m25[0m[0m[34m infos.[0m
[0mlint[0m[0m [0m[0m━━━━━━━━━━━━━━━━━━━━━━━━━━━━━━━━━━━━━━━━━━━━━━━━━━━━━━━━━━━━━━━━━━━━━━━━━━━━━━━━━━━━━━━━━━━━━━━━━━━━━━━━━━━━━━━━━━━━━━━━━━━━━━━━━━━━━━━━━━━━━━━━━━━━━━━━━━[0m[0m

[0m[0m  [0m[0m[1m[31m✖[0m[0m [0m[0m[31mSome [0m[0m[1m[31merrors[0m[0m[31m were emitted while [0m[0m[1m[31mrunning checks[0m[0m[31m.[0m[0m
[0m[0m  [0m[0m
[0m
[1G[0K⠙[1G[0K[1G[0K⠙[1G[0K[1mnpm[22m [31merror[39m Lifecycle script `lint` failed with error:
[1G[0K⠙[1G[0K[1mnpm[22m [31merror[39m [94mcode[39m [33m1[39m
[1G[0K⠙[1G[0K[1mnpm[22m [31merror[39m [94mpath[39m /Users/josephcheng/Projects/coworker/apps/api
[1G[0K⠙[1G[0K[1mnpm[22m [31merror[39m [94mworkspace[39m coworker-api@0.2.0
[1G[0K⠙[1G[0K[1mnpm[22m [31merror[39m [94mlocation[39m /Users/josephcheng/Projects/coworker/apps/api
[1G[0K⠙[1G[0K[1mnpm[22m [31merror[39m command failed
[1G[0K⠙[1G[0K[1mnpm[22m [31merror[39m [94mcommand[39m sh -c npx @biomejs/biome lint . --fix
[1G[0K⠙[1G[0K
